[2019-12-22 18:43:14Z] - INFO - Начинаем обработку...
[2019-12-22 18:43:14Z] - INFO - Разархивация файла NN069621903300001.arj
[2019-12-22 18:43:15Z] - INFO - Обрабатываем файл SFF117106962_720320190329_288000021900062056_700.XML
[2019-12-22 18:43:16Z] - INFO - Обрабатываем файл SFF117106962_720320190329_288000021900062057_700.XML
[2019-12-22 18:43:17Z] - INFO - Обрабатываем файл SFF117106962_720320190329_288000021900062058_700.XML
[2019-12-22 18:43:18Z] - INFO - Обрабатываем файл SFF117106962_720320190329_288000021900062059_700.XML
[2019-12-22 18:43:19Z] - INFO - Обрабатываем файл SFF117106962_720320190329_288000021901046229_700.xml
[2019-12-22 18:43:20Z] - INFO - Обрабатываем файл SFF117106962_720320190329_288000021901046230_700.xml
[2019-12-22 18:43:21Z] - INFO - Обрабатываем файл SFF117106962_720320190329_288000021901046231_700.xml
[2019-12-22 18:43:22Z] - INFO - Обрабатываем файл SFF117106962_720320190329_288000021901046232_700.xml
[2019-12-22 18:43:23Z] - INFO - Обрабатываем файл SFF117106962_720320190329_288000021901046233_700.xml
[2019-12-22 18:43:24Z] - INFO - Обрабатываем файл SFF117106962_720320190329_288000021901046234_700.xml
[2019-12-22 18:43:25Z] - INFO - Обрабатываем файл SFF117106962_720320190329_288000021901046235_700.xml
[2019-12-22 18:43:26Z] - INFO - Обрабатываем файл SFF217106962_720320190329_288000021900062066_700.XML
[2019-12-22 18:43:27Z] - INFO - Обрабатываем файл SFF217106962_720320190329_288000021900062067_700.XML
[2019-12-22 18:43:28Z] - INFO - Обрабатываем файл SFF217106962_720320190329_288000021900062068_700.XML
[2019-12-22 18:43:30Z] - INFO - Обрабатываем файл SFF217106962_720320190329_288000021900062069_700.XML
[2019-12-22 18:43:31Z] - INFO - Обрабатываем файл SFF217106962_720320190329_288000021900062070_700.XML
[2019-12-22 18:43:32Z] - INFO - Обрабатываем файл SFF217106962_720320190329_288000021900062071_700.XML
[2019-12-22 18:43:43Z] - INFO - Начинаем обработку...
[2019-12-22 18:43:43Z] - INFO - Разархивация файла NN069621903300001.arj
[2019-12-22 19:11:29Z] - INFO - Начинаем обработку...
[2019-12-22 19:11:29Z] - INFO - Сохраняем текущею ключевую дискету
[2019-12-22 19:11:29Z] - INFO - Загружаем ключевую дискету d:\SKAD\Floppy\proc
[2019-12-22 19:11:29Z] - INFO - Разархивация файла NN028031912200001.arj
[2019-12-22 19:11:37Z] - INFO - Обрабатываем файл SFF027102803_720320191219_288000021901056900_701.xml
[2019-12-22 19:11:39Z] - INFO - Загружаем исходную ключевую дискету
[2019-12-22 19:11:39Z] - INFO - Завершение обработки...
[2019-12-22 19:12:07Z] - INFO - Начинаем обработку...
[2019-12-22 19:12:07Z] - INFO - Сохраняем текущею ключевую дискету
[2019-12-22 19:12:07Z] - INFO - Загружаем ключевую дискету d:\SKAD\Floppy\proc
[2019-12-22 19:12:07Z] - INFO - Разархивация файла NN028031912200001.arj
[2019-12-22 19:12:11Z] - INFO - Обрабатываем файл SFF027102803_720320191219_288000021901056900_701.xml
[2019-12-22 19:12:12Z] - INFO - Загружаем исходную ключевую дискету
[2019-12-22 19:12:12Z] - INFO - Завершение обработки...
[2019-12-22 19:12:48Z] - INFO - Начинаем обработку...
[2019-12-22 19:12:48Z] - INFO - Сохраняем текущею ключевую дискету
[2019-12-22 19:12:48Z] - INFO - Загружаем ключевую дискету d:\SKAD\Floppy\foiv
[2019-12-22 19:12:48Z] - INFO - Разархивация файла NN028031912200001.arj
[2019-12-22 19:12:53Z] - INFO - Обрабатываем файл SFF027102803_720320191219_288000021901056900_701.xml
[2019-12-22 19:12:54Z] - INFO - Загружаем исходную ключевую дискету
[2019-12-22 19:12:54Z] - INFO - Завершение обработки...
[2019-12-22 19:13:16Z] - INFO - Начинаем обработку...
[2019-12-22 19:13:16Z] - INFO - Сохраняем текущею ключевую дискету
[2019-12-22 19:13:16Z] - INFO - Загружаем ключевую дискету d:\SKAD\Floppy\foiv
[2019-12-22 19:13:16Z] - INFO - Разархивация файла NN028031912200001.arj
[2019-12-22 19:13:24Z] - INFO - Обрабатываем файл SFF027102803_720320191219_288000021901056900_701.xml
[2019-12-22 19:17:59Z] - INFO - Начинаем обработку...
[2019-12-22 19:17:59Z] - INFO - Сохраняем текущею ключевую дискету
[2019-12-22 19:17:59Z] - INFO - Загружаем ключевую дискету d:\SKAD\Floppy\foiv
[2019-12-22 19:17:59Z] - INFO - Разархивация файла NN028031912200001.arj
[2019-12-22 19:18:03Z] - INFO - Обрабатываем файл SFF027102803_720320191219_288000021901056900_701.xml
[2019-12-22 19:22:44Z] - INFO - Начинаем обработку...
[2019-12-22 19:22:44Z] - INFO - Сохраняем текущею ключевую дискету
[2019-12-22 19:22:44Z] - INFO - Загружаем ключевую дискету d:\SKAD\Floppy\foiv
[2019-12-22 19:22:44Z] - INFO - Разархивация файла NN028031912200001.arj
[2019-12-22 19:22:46Z] - INFO - Обрабатываем файл SFF027102803_720320191219_288000021901056900_701.xml
[2019-12-22 19:22:46Z] - INFO - Выполнение операции "Удаление файла" над целевым объектом "D:\SKAD\311Kvit\tmp\SFF027102803_720320191219_288000021901056900_701.xml".

[2019-12-22 19:23:03Z] - INFO - Выполнение операции "Переименование файла" над целевым объектом "Элемент: D:\SKAD\311Kvit\lib\libs.ps1 Назначение: D:\SKAD\311Kvit\lib\libs.ps1".
Выполнение операции "Переименование файла" над целевым объектом "Элемент: D:\SKAD\311Kvit\lib\libsSKAD.ps1 Назначение: D:\SKAD\311Kvit\lib\libsSKAD.ps1".
Выполнение операции "Переименование файла" над целевым объектом "Элемент: D:\SKAD\311Kvit\lib\PSMultiLog.ps1 Назначение: D:\SKAD\311Kvit\lib\PSMultiLog.ps1".
Выполнение операции "Переименование файла" над целевым объектом "Элемент: D:\SKAD\311Kvit\lib\Strings.psd1 Назначение: D:\SKAD\311Kvit\lib\Strings.psd1".
Выполнение операции "Переименование файла" над целевым объектом "Элемент: D:\SKAD\311Kvit\log\22122019_kvit.log Назначение: D:\SKAD\311Kvit\log\22122019_kvit.log".
Выполнение операции "Переименование файла" над целевым объектом "Элемент: D:\SKAD\311Kvit\log\22122019_spki_tr.log Назначение: D:\SKAD\311Kvit\log\22122019_spki_tr.log".
Выполнение операции "Переименование файла" над целевым объектом "Элемент: D:\SKAD\311Kvit\OUT\!NN028031912200002.arj Назначение: D:\SKAD\311Kvit\OUT\!NN028031912200002.arj".
Выполнение операции "Переименование файла" над целевым объектом "Элемент: D:\SKAD\311Kvit\OUT\!NN028031912200003.arj Назначение: D:\SKAD\311Kvit\OUT\!NN028031912200003.arj".
Выполнение операции "Переименование файла" над целевым объектом "Элемент: D:\SKAD\311Kvit\OUT\NN028031912200001.arj Назначение: D:\SKAD\311Kvit\OUT\NN028031912200001.arj".
Выполнение операции "Переименование файла" над целевым объектом "Элемент: D:\SKAD\311Kvit\OUT\ON028031912160002.arj Назначение: D:\SKAD\311Kvit\OUT\ON028031912160002.arj".
Выполнение операции "Переименование файла" над целевым объектом "Элемент: D:\SKAD\311Kvit\OUT\S0280319121801.arj Назначение: D:\SKAD\311Kvit\OUT\S0280319121801.arj".
Выполнение операции "Переименование файла" над целевым объектом "Элемент: D:\SKAD\311Kvit\OUT1\!NN028031912200002.arj Назначение: D:\SKAD\311Kvit\OUT1\!NN028031912200002.arj".
Выполнение операции "Переименование файла" над целевым объектом "Элемент: D:\SKAD\311Kvit\OUT1\!NN028031912200003.arj Назначение: D:\SKAD\311Kvit\OUT1\!NN028031912200003.arj".
Выполнение операции "Переименование файла" над целевым объектом "Элемент: D:\SKAD\311Kvit\OUT1\NN028031912200001.arj Назначение: D:\SKAD\311Kvit\OUT1\NN028031912200001.arj".
Выполнение операции "Переименование файла" над целевым объектом "Элемент: D:\SKAD\311Kvit\OUT1\ON028031912160002.arj Назначение: D:\SKAD\311Kvit\OUT1\ON028031912160002.arj".
Выполнение операции "Переименование файла" над целевым объектом "Элемент: D:\SKAD\311Kvit\OUT1\S0280319121801.arj Назначение: D:\SKAD\311Kvit\OUT1\S0280319121801.arj".
Выполнение операции "Переименование каталога" над целевым объектом "Элемент: D:\SKAD\311Kvit\temp\311p Назначение: D:\SKAD\311Kvit\temp\311p".
Rename-Item : Исходный и результирующий путь должны различаться.
D:\SKAD\311Kvit\311kvit.ps1:86 знак:39
+ ... testFiles | Rename-Item -NewName { $_.Name -replace '.test$', '' } -V ...
+                 ~~~~~~~~~~~~~~~~~~~~~~~~~~~~~~~~~~~~~~~~~~~~~~~~~~~~~~~~~
    + CategoryInfo          : WriteError: (D:\SKAD\311Kvit\temp\311p:String) [Rename-Item], IOException
    + FullyQualifiedErrorId : RenameItemIOError,Microsoft.PowerShell.Commands.RenameItemCommand
 
Выполнение операции "Переименование каталога" над целевым объектом "Элемент: D:\SKAD\311Kvit\temp\311pMsk Назначение: D:\SKAD\311Kvit\temp\311pMsk".
Rename-Item : Исходный и результирующий путь должны различаться.
D:\SKAD\311Kvit\311kvit.ps1:86 знак:39
+ ... testFiles | Rename-Item -NewName { $_.Name -replace '.test$', '' } -V ...
+                 ~~~~~~~~~~~~~~~~~~~~~~~~~~~~~~~~~~~~~~~~~~~~~~~~~~~~~~~~~
    + CategoryInfo          : WriteError: (D:\SKAD\311Kvit\temp\311pMsk:String) [Rename-Item], IOException
    + FullyQualifiedErrorId : RenameItemIOError,Microsoft.PowerShell.Commands.RenameItemCommand
 
Выполнение операции "Переименование файла" над целевым объектом "Элемент: D:\SKAD\311Kvit\tmp\SFF027102803_720320191219_288000021901056900_701.xml.test Назначение: D:\SKAD\311Kvit\tmp\SFF02710
2803_720320191219_288000021901056900_701.xml".
Выполнение операции "Переименование каталога" над целевым объектом "Элемент: D:\SKAD\311Kvit\tmp_keys\vdkeys Назначение: D:\SKAD\311Kvit\tmp_keys\vdkeys".
Rename-Item : Исходный и результирующий путь должны различаться.
D:\SKAD\311Kvit\311kvit.ps1:86 знак:39
+ ... testFiles | Rename-Item -NewName { $_.Name -replace '.test$', '' } -V ...
+                 ~~~~~~~~~~~~~~~~~~~~~~~~~~~~~~~~~~~~~~~~~~~~~~~~~~~~~~~~~
    + CategoryInfo          : WriteError: (D:\SKAD\311Kvit\tmp_keys\vdkeys:String) [Rename-Item], IOException
    + FullyQualifiedErrorId : RenameItemIOError,Microsoft.PowerShell.Commands.RenameItemCommand
 
Выполнение операции "Переименование файла" над целевым объектом "Элемент: D:\SKAD\311Kvit\util\ARJ32.exe Назначение: D:\SKAD\311Kvit\util\ARJ32.exe".
Выполнение операции "Переименование файла" над целевым объектом "Элемент: D:\SKAD\311Kvit\311kvit.ps1 Назначение: D:\SKAD\311Kvit\311kvit.ps1".
Выполнение операции "Переименование файла" над целевым объектом "Элемент: D:\SKAD\311Kvit\variables.ps1 Назначение: D:\SKAD\311Kvit\variables.ps1".

[2019-12-22 19:23:03Z] - INFO - Загружаем исходную ключевую дискету
[2019-12-22 19:23:03Z] - INFO - Завершение обработки...
[2019-12-22 19:28:37Z] - INFO - Начинаем обработку...
[2019-12-22 19:28:37Z] - INFO - Сохраняем текущею ключевую дискету
[2019-12-22 19:28:37Z] - INFO - Загружаем ключевую дискету d:\SKAD\Floppy\foiv
[2019-12-22 19:28:37Z] - INFO - Разархивация файла NN028031912200002.arj
[2019-12-22 19:28:39Z] - INFO - Обрабатываем файл SFF017102803_720320191219_288000021900091411_700.XML
[2019-12-22 19:28:40Z] - INFO - Выполнение операции "Удаление файла" над целевым объектом "D:\SKAD\311Kvit\tmp\SFF017102803_720320191219_288000021900091411_700.XML".

[2019-12-22 19:28:40Z] - INFO - Выполнение операции "Переименование файла" над целевым объектом "Элемент: D:\SKAD\311Kvit\tmp\SFF017102803_720320191219_288000021900091411_700.XML.test Назначение: D:\SKAD\311Kvit\tmp\SFF01710
2803_720320191219_288000021900091411_700.XML".

[2019-12-22 19:28:41Z] - INFO - Обрабатываем файл SFF017102803_720320191219_288000021900091412_700.XML
[2019-12-22 19:28:41Z] - INFO - Выполнение операции "Удаление файла" над целевым объектом "D:\SKAD\311Kvit\tmp\SFF017102803_720320191219_288000021900091412_700.XML".

[2019-12-22 19:28:41Z] - INFO - Выполнение операции "Переименование файла" над целевым объектом "Элемент: D:\SKAD\311Kvit\tmp\SFF017102803_720320191219_288000021900091412_700.XML.test Назначение: D:\SKAD\311Kvit\tmp\SFF01710
2803_720320191219_288000021900091412_700.XML".

[2019-12-22 19:28:42Z] - INFO - Обрабатываем файл SFF017102803_720320191219_288000021901062833_700.xml
[2019-12-22 19:28:42Z] - INFO - Выполнение операции "Удаление файла" над целевым объектом "D:\SKAD\311Kvit\tmp\SFF017102803_720320191219_288000021901062833_700.xml".

[2019-12-22 19:28:42Z] - INFO - Выполнение операции "Переименование файла" над целевым объектом "Элемент: D:\SKAD\311Kvit\tmp\SFF017102803_720320191219_288000021901062833_700.xml.test Назначение: D:\SKAD\311Kvit\tmp\SFF01710
2803_720320191219_288000021901062833_700.xml".

[2019-12-22 19:28:43Z] - INFO - Обрабатываем файл SFF017102803_720320191219_288000021901062834_700.xml
[2019-12-22 19:28:43Z] - INFO - Выполнение операции "Удаление файла" над целевым объектом "D:\SKAD\311Kvit\tmp\SFF017102803_720320191219_288000021901062834_700.xml".

[2019-12-22 19:28:43Z] - INFO - Выполнение операции "Переименование файла" над целевым объектом "Элемент: D:\SKAD\311Kvit\tmp\SFF017102803_720320191219_288000021901062834_700.xml.test Назначение: D:\SKAD\311Kvit\tmp\SFF01710
2803_720320191219_288000021901062834_700.xml".

[2019-12-22 19:28:44Z] - INFO - Обрабатываем файл SFF017102803_720320191219_288000021901062835_700.xml
[2019-12-22 19:28:44Z] - INFO - Выполнение операции "Удаление файла" над целевым объектом "D:\SKAD\311Kvit\tmp\SFF017102803_720320191219_288000021901062835_700.xml".

[2019-12-22 19:28:44Z] - INFO - Выполнение операции "Переименование файла" над целевым объектом "Элемент: D:\SKAD\311Kvit\tmp\SFF017102803_720320191219_288000021901062835_700.xml.test Назначение: D:\SKAD\311Kvit\tmp\SFF01710
2803_720320191219_288000021901062835_700.xml".

[2019-12-22 19:28:45Z] - INFO - Обрабатываем файл SFF017102803_720320191219_288000021901062845_700.xml
[2019-12-22 19:28:45Z] - INFO - Выполнение операции "Удаление файла" над целевым объектом "D:\SKAD\311Kvit\tmp\SFF017102803_720320191219_288000021901062845_700.xml".

[2019-12-22 19:28:45Z] - INFO - Выполнение операции "Переименование файла" над целевым объектом "Элемент: D:\SKAD\311Kvit\tmp\SFF017102803_720320191219_288000021901062845_700.xml.test Назначение: D:\SKAD\311Kvit\tmp\SFF01710
2803_720320191219_288000021901062845_700.xml".

[2019-12-22 19:28:46Z] - INFO - Обрабатываем файл SFF017102803_720320191219_288000021901062850_700.xml
[2019-12-22 19:28:46Z] - INFO - Выполнение операции "Удаление файла" над целевым объектом "D:\SKAD\311Kvit\tmp\SFF017102803_720320191219_288000021901062850_700.xml".

[2019-12-22 19:28:46Z] - INFO - Выполнение операции "Переименование файла" над целевым объектом "Элемент: D:\SKAD\311Kvit\tmp\SFF017102803_720320191219_288000021901062850_700.xml.test Назначение: D:\SKAD\311Kvit\tmp\SFF01710
2803_720320191219_288000021901062850_700.xml".

[2019-12-22 19:28:47Z] - INFO - Обрабатываем файл SFF017102803_720320191219_288000021901062855_700.xml
[2019-12-22 19:28:47Z] - INFO - Выполнение операции "Удаление файла" над целевым объектом "D:\SKAD\311Kvit\tmp\SFF017102803_720320191219_288000021901062855_700.xml".

[2019-12-22 19:28:47Z] - INFO - Выполнение операции "Переименование файла" над целевым объектом "Элемент: D:\SKAD\311Kvit\tmp\SFF017102803_720320191219_288000021901062855_700.xml.test Назначение: D:\SKAD\311Kvit\tmp\SFF01710
2803_720320191219_288000021901062855_700.xml".

[2019-12-22 19:28:48Z] - INFO - Обрабатываем файл SFF017102803_720320191219_288000021901062856_700.xml
[2019-12-22 19:28:48Z] - INFO - Выполнение операции "Удаление файла" над целевым объектом "D:\SKAD\311Kvit\tmp\SFF017102803_720320191219_288000021901062856_700.xml".

[2019-12-22 19:28:48Z] - INFO - Выполнение операции "Переименование файла" над целевым объектом "Элемент: D:\SKAD\311Kvit\tmp\SFF017102803_720320191219_288000021901062856_700.xml.test Назначение: D:\SKAD\311Kvit\tmp\SFF01710
2803_720320191219_288000021901062856_700.xml".

[2019-12-22 19:28:48Z] - INFO - Загружаем исходную ключевую дискету
[2019-12-22 19:28:48Z] - INFO - Завершение обработки...
[2019-12-22 19:29:09Z] - INFO - Начинаем обработку...
[2019-12-22 19:29:09Z] - INFO - Сохраняем текущею ключевую дискету
[2019-12-22 19:29:09Z] - INFO - Загружаем ключевую дискету d:\SKAD\Floppy\foiv
[2019-12-22 19:29:09Z] - INFO - Разархивация файла NN028031912200002.arj
[2019-12-22 19:29:11Z] - INFO - Обрабатываем файл SFF017102803_720320191219_288000021900091411_700.XML
[2019-12-22 19:29:11Z] - INFO - Выполнение операции "Удаление файла" над целевым объектом "D:\SKAD\311Kvit\tmp\SFF017102803_720320191219_288000021900091411_700.XML".

[2019-12-22 19:29:12Z] - INFO - Выполнение операции "Переименование файла" над целевым объектом "Элемент: D:\SKAD\311Kvit\tmp\SFF017102803_720320191219_288000021900091411_700.XML.test Назначение: D:\SKAD\311Kvit\tmp\SFF01710
2803_720320191219_288000021900091411_700.XML".

[2019-12-22 19:29:13Z] - INFO - Обрабатываем файл SFF017102803_720320191219_288000021900091412_700.XML
[2019-12-22 19:29:13Z] - INFO - Выполнение операции "Удаление файла" над целевым объектом "D:\SKAD\311Kvit\tmp\SFF017102803_720320191219_288000021900091412_700.XML".

[2019-12-22 19:29:13Z] - INFO - Выполнение операции "Переименование файла" над целевым объектом "Элемент: D:\SKAD\311Kvit\tmp\SFF017102803_720320191219_288000021900091412_700.XML.test Назначение: D:\SKAD\311Kvit\tmp\SFF01710
2803_720320191219_288000021900091412_700.XML".

[2019-12-22 19:29:14Z] - INFO - Обрабатываем файл SFF017102803_720320191219_288000021901062833_700.xml
[2019-12-22 19:29:14Z] - INFO - Выполнение операции "Удаление файла" над целевым объектом "D:\SKAD\311Kvit\tmp\SFF017102803_720320191219_288000021901062833_700.xml".

[2019-12-22 19:29:14Z] - INFO - Выполнение операции "Переименование файла" над целевым объектом "Элемент: D:\SKAD\311Kvit\tmp\SFF017102803_720320191219_288000021901062833_700.xml.test Назначение: D:\SKAD\311Kvit\tmp\SFF01710
2803_720320191219_288000021901062833_700.xml".

[2019-12-22 19:29:15Z] - INFO - Обрабатываем файл SFF017102803_720320191219_288000021901062834_700.xml
[2019-12-22 19:29:15Z] - INFO - Выполнение операции "Удаление файла" над целевым объектом "D:\SKAD\311Kvit\tmp\SFF017102803_720320191219_288000021901062834_700.xml".

[2019-12-22 19:29:15Z] - INFO - Выполнение операции "Переименование файла" над целевым объектом "Элемент: D:\SKAD\311Kvit\tmp\SFF017102803_720320191219_288000021901062834_700.xml.test Назначение: D:\SKAD\311Kvit\tmp\SFF01710
2803_720320191219_288000021901062834_700.xml".

[2019-12-22 19:29:16Z] - INFO - Обрабатываем файл SFF017102803_720320191219_288000021901062835_700.xml
[2019-12-22 19:29:16Z] - INFO - Выполнение операции "Удаление файла" над целевым объектом "D:\SKAD\311Kvit\tmp\SFF017102803_720320191219_288000021901062835_700.xml".

[2019-12-22 19:29:16Z] - INFO - Выполнение операции "Переименование файла" над целевым объектом "Элемент: D:\SKAD\311Kvit\tmp\SFF017102803_720320191219_288000021901062835_700.xml.test Назначение: D:\SKAD\311Kvit\tmp\SFF01710
2803_720320191219_288000021901062835_700.xml".

[2019-12-22 19:29:17Z] - INFO - Обрабатываем файл SFF017102803_720320191219_288000021901062845_700.xml
[2019-12-22 19:29:17Z] - INFO - Выполнение операции "Удаление файла" над целевым объектом "D:\SKAD\311Kvit\tmp\SFF017102803_720320191219_288000021901062845_700.xml".

[2019-12-22 19:29:17Z] - INFO - Выполнение операции "Переименование файла" над целевым объектом "Элемент: D:\SKAD\311Kvit\tmp\SFF017102803_720320191219_288000021901062845_700.xml.test Назначение: D:\SKAD\311Kvit\tmp\SFF01710
2803_720320191219_288000021901062845_700.xml".

[2019-12-22 19:29:18Z] - INFO - Обрабатываем файл SFF017102803_720320191219_288000021901062850_700.xml
[2019-12-22 19:29:18Z] - INFO - Выполнение операции "Удаление файла" над целевым объектом "D:\SKAD\311Kvit\tmp\SFF017102803_720320191219_288000021901062850_700.xml".

[2019-12-22 19:29:18Z] - INFO - Выполнение операции "Переименование файла" над целевым объектом "Элемент: D:\SKAD\311Kvit\tmp\SFF017102803_720320191219_288000021901062850_700.xml.test Назначение: D:\SKAD\311Kvit\tmp\SFF01710
2803_720320191219_288000021901062850_700.xml".

[2019-12-22 19:29:19Z] - INFO - Обрабатываем файл SFF017102803_720320191219_288000021901062855_700.xml
[2019-12-22 19:29:19Z] - INFO - Выполнение операции "Удаление файла" над целевым объектом "D:\SKAD\311Kvit\tmp\SFF017102803_720320191219_288000021901062855_700.xml".

[2019-12-22 19:29:19Z] - INFO - Выполнение операции "Переименование файла" над целевым объектом "Элемент: D:\SKAD\311Kvit\tmp\SFF017102803_720320191219_288000021901062855_700.xml.test Назначение: D:\SKAD\311Kvit\tmp\SFF01710
2803_720320191219_288000021901062855_700.xml".

[2019-12-22 19:29:20Z] - INFO - Обрабатываем файл SFF017102803_720320191219_288000021901062856_700.xml
[2019-12-22 19:29:20Z] - INFO - Выполнение операции "Удаление файла" над целевым объектом "D:\SKAD\311Kvit\tmp\SFF017102803_720320191219_288000021901062856_700.xml".

[2019-12-22 19:29:20Z] - INFO - Выполнение операции "Переименование файла" над целевым объектом "Элемент: D:\SKAD\311Kvit\tmp\SFF017102803_720320191219_288000021901062856_700.xml.test Назначение: D:\SKAD\311Kvit\tmp\SFF01710
2803_720320191219_288000021901062856_700.xml".

[2019-12-22 19:29:20Z] - INFO - Загружаем исходную ключевую дискету
[2019-12-22 19:29:20Z] - INFO - Завершение обработки...
[2019-12-22 19:33:10Z] - INFO - Начинаем обработку...
[2019-12-22 19:33:10Z] - INFO - Сохраняем текущею ключевую дискету
[2019-12-22 19:33:10Z] - INFO - Загружаем ключевую дискету d:\SKAD\Floppy\foiv
[2019-12-22 19:33:10Z] - INFO - Разархивация файла NN028031912200002.arj
[2019-12-22 19:33:13Z] - INFO - Обрабатываем файл SFF017102803_720320191219_288000021900091411_700.XML
[2019-12-22 19:33:13Z] - INFO - Выполнение операции "Удаление файла" над целевым объектом "D:\SKAD\311Kvit\tmp\SFF017102803_720320191219_288000021900091411_700.XML".

[2019-12-22 19:33:13Z] - INFO - Выполнение операции "Переименование файла" над целевым объектом "Элемент: D:\SKAD\311Kvit\tmp\SFF017102803_720320191219_288000021900091411_700.XML.test Назначение: D:\SKAD\311Kvit\tmp\SFF01710
2803_720320191219_288000021900091411_700.XML".

[2019-12-22 19:33:13Z] - INFO - Форматируем xml-файл
[2019-12-22 19:33:14Z] - INFO - Обрабатываем файл SFF017102803_720320191219_288000021900091412_700.XML
[2019-12-22 19:33:14Z] - INFO - Выполнение операции "Удаление файла" над целевым объектом "D:\SKAD\311Kvit\tmp\SFF017102803_720320191219_288000021900091412_700.XML".

[2019-12-22 19:33:14Z] - INFO - Выполнение операции "Переименование файла" над целевым объектом "Элемент: D:\SKAD\311Kvit\tmp\SFF017102803_720320191219_288000021900091412_700.XML.test Назначение: D:\SKAD\311Kvit\tmp\SFF01710
2803_720320191219_288000021900091412_700.XML".

[2019-12-22 19:33:14Z] - INFO - Форматируем xml-файл
[2019-12-22 19:33:15Z] - INFO - Обрабатываем файл SFF017102803_720320191219_288000021901062833_700.xml
[2019-12-22 19:33:15Z] - INFO - Выполнение операции "Удаление файла" над целевым объектом "D:\SKAD\311Kvit\tmp\SFF017102803_720320191219_288000021901062833_700.xml".

[2019-12-22 19:33:15Z] - INFO - Выполнение операции "Переименование файла" над целевым объектом "Элемент: D:\SKAD\311Kvit\tmp\SFF017102803_720320191219_288000021901062833_700.xml.test Назначение: D:\SKAD\311Kvit\tmp\SFF01710
2803_720320191219_288000021901062833_700.xml".

[2019-12-22 19:33:15Z] - INFO - Форматируем xml-файл
[2019-12-22 19:33:16Z] - INFO - Обрабатываем файл SFF017102803_720320191219_288000021901062834_700.xml
[2019-12-22 19:33:16Z] - INFO - Выполнение операции "Удаление файла" над целевым объектом "D:\SKAD\311Kvit\tmp\SFF017102803_720320191219_288000021901062834_700.xml".

[2019-12-22 19:33:16Z] - INFO - Выполнение операции "Переименование файла" над целевым объектом "Элемент: D:\SKAD\311Kvit\tmp\SFF017102803_720320191219_288000021901062834_700.xml.test Назначение: D:\SKAD\311Kvit\tmp\SFF01710
2803_720320191219_288000021901062834_700.xml".

[2019-12-22 19:33:16Z] - INFO - Форматируем xml-файл
[2019-12-22 19:33:17Z] - INFO - Обрабатываем файл SFF017102803_720320191219_288000021901062835_700.xml
[2019-12-22 19:33:17Z] - INFO - Выполнение операции "Удаление файла" над целевым объектом "D:\SKAD\311Kvit\tmp\SFF017102803_720320191219_288000021901062835_700.xml".

[2019-12-22 19:33:17Z] - INFO - Выполнение операции "Переименование файла" над целевым объектом "Элемент: D:\SKAD\311Kvit\tmp\SFF017102803_720320191219_288000021901062835_700.xml.test Назначение: D:\SKAD\311Kvit\tmp\SFF01710
2803_720320191219_288000021901062835_700.xml".

[2019-12-22 19:33:17Z] - INFO - Форматируем xml-файл
[2019-12-22 19:33:18Z] - INFO - Обрабатываем файл SFF017102803_720320191219_288000021901062845_700.xml
[2019-12-22 19:33:18Z] - INFO - Выполнение операции "Удаление файла" над целевым объектом "D:\SKAD\311Kvit\tmp\SFF017102803_720320191219_288000021901062845_700.xml".

[2019-12-22 19:33:18Z] - INFO - Выполнение операции "Переименование файла" над целевым объектом "Элемент: D:\SKAD\311Kvit\tmp\SFF017102803_720320191219_288000021901062845_700.xml.test Назначение: D:\SKAD\311Kvit\tmp\SFF01710
2803_720320191219_288000021901062845_700.xml".

[2019-12-22 19:33:18Z] - INFO - Форматируем xml-файл
[2019-12-22 19:33:19Z] - INFO - Обрабатываем файл SFF017102803_720320191219_288000021901062850_700.xml
[2019-12-22 19:33:19Z] - INFO - Выполнение операции "Удаление файла" над целевым объектом "D:\SKAD\311Kvit\tmp\SFF017102803_720320191219_288000021901062850_700.xml".

[2019-12-22 19:33:19Z] - INFO - Выполнение операции "Переименование файла" над целевым объектом "Элемент: D:\SKAD\311Kvit\tmp\SFF017102803_720320191219_288000021901062850_700.xml.test Назначение: D:\SKAD\311Kvit\tmp\SFF01710
2803_720320191219_288000021901062850_700.xml".

[2019-12-22 19:33:19Z] - INFO - Форматируем xml-файл
[2019-12-22 19:33:38Z] - INFO - Начинаем обработку...
[2019-12-22 19:33:38Z] - INFO - Сохраняем текущею ключевую дискету
[2019-12-22 19:33:38Z] - INFO - Загружаем ключевую дискету d:\SKAD\Floppy\foiv
[2019-12-22 19:33:38Z] - INFO - Разархивация файла NN028031912200002.arj
[2019-12-22 19:33:40Z] - INFO - Обрабатываем файл SFF017102803_720320191219_288000021900091411_700.XML
[2019-12-22 19:33:40Z] - INFO - Выполнение операции "Удаление файла" над целевым объектом "D:\SKAD\311Kvit\tmp\SFF017102803_720320191219_288000021900091411_700.XML".

[2019-12-22 19:33:40Z] - INFO - Выполнение операции "Переименование файла" над целевым объектом "Элемент: D:\SKAD\311Kvit\tmp\SFF017102803_720320191219_288000021900091411_700.XML.test Назначение: D:\SKAD\311Kvit\tmp\SFF01710
2803_720320191219_288000021900091411_700.XML".

[2019-12-22 19:33:40Z] - INFO - Форматируем xml-файл
[2019-12-22 19:33:51Z] - INFO - Обрабатываем файл SFF017102803_720320191219_288000021900091412_700.XML
[2019-12-22 19:33:51Z] - INFO - Выполнение операции "Удаление файла" над целевым объектом "D:\SKAD\311Kvit\tmp\SFF017102803_720320191219_288000021900091412_700.XML".

[2019-12-22 19:33:51Z] - INFO - Выполнение операции "Переименование файла" над целевым объектом "Элемент: D:\SKAD\311Kvit\tmp\SFF017102803_720320191219_288000021900091412_700.XML.test Назначение: D:\SKAD\311Kvit\tmp\SFF01710
2803_720320191219_288000021900091412_700.XML".

[2019-12-22 19:33:51Z] - INFO - Форматируем xml-файл
[2019-12-22 19:33:53Z] - INFO - Обрабатываем файл SFF017102803_720320191219_288000021901062833_700.xml
[2019-12-22 19:33:53Z] - INFO - Выполнение операции "Удаление файла" над целевым объектом "D:\SKAD\311Kvit\tmp\SFF017102803_720320191219_288000021901062833_700.xml".

[2019-12-22 19:33:53Z] - INFO - Выполнение операции "Переименование файла" над целевым объектом "Элемент: D:\SKAD\311Kvit\tmp\SFF017102803_720320191219_288000021901062833_700.xml.test Назначение: D:\SKAD\311Kvit\tmp\SFF01710
2803_720320191219_288000021901062833_700.xml".

[2019-12-22 19:33:53Z] - INFO - Форматируем xml-файл
[2019-12-22 19:33:54Z] - INFO - Обрабатываем файл SFF017102803_720320191219_288000021901062834_700.xml
[2019-12-22 19:33:54Z] - INFO - Выполнение операции "Удаление файла" над целевым объектом "D:\SKAD\311Kvit\tmp\SFF017102803_720320191219_288000021901062834_700.xml".

[2019-12-22 19:33:54Z] - INFO - Выполнение операции "Переименование файла" над целевым объектом "Элемент: D:\SKAD\311Kvit\tmp\SFF017102803_720320191219_288000021901062834_700.xml.test Назначение: D:\SKAD\311Kvit\tmp\SFF01710
2803_720320191219_288000021901062834_700.xml".

[2019-12-22 19:33:54Z] - INFO - Форматируем xml-файл
[2019-12-22 19:33:55Z] - INFO - Обрабатываем файл SFF017102803_720320191219_288000021901062835_700.xml
[2019-12-22 19:33:55Z] - INFO - Выполнение операции "Удаление файла" над целевым объектом "D:\SKAD\311Kvit\tmp\SFF017102803_720320191219_288000021901062835_700.xml".

[2019-12-22 19:33:55Z] - INFO - Выполнение операции "Переименование файла" над целевым объектом "Элемент: D:\SKAD\311Kvit\tmp\SFF017102803_720320191219_288000021901062835_700.xml.test Назначение: D:\SKAD\311Kvit\tmp\SFF01710
2803_720320191219_288000021901062835_700.xml".

[2019-12-22 19:33:55Z] - INFO - Форматируем xml-файл
[2019-12-22 19:33:56Z] - INFO - Обрабатываем файл SFF017102803_720320191219_288000021901062845_700.xml
[2019-12-22 19:33:56Z] - INFO - Выполнение операции "Удаление файла" над целевым объектом "D:\SKAD\311Kvit\tmp\SFF017102803_720320191219_288000021901062845_700.xml".

[2019-12-22 19:33:56Z] - INFO - Выполнение операции "Переименование файла" над целевым объектом "Элемент: D:\SKAD\311Kvit\tmp\SFF017102803_720320191219_288000021901062845_700.xml.test Назначение: D:\SKAD\311Kvit\tmp\SFF01710
2803_720320191219_288000021901062845_700.xml".

[2019-12-22 19:33:56Z] - INFO - Форматируем xml-файл
[2019-12-22 19:33:57Z] - INFO - Обрабатываем файл SFF017102803_720320191219_288000021901062850_700.xml
[2019-12-22 19:33:57Z] - INFO - Выполнение операции "Удаление файла" над целевым объектом "D:\SKAD\311Kvit\tmp\SFF017102803_720320191219_288000021901062850_700.xml".

[2019-12-22 19:33:57Z] - INFO - Выполнение операции "Переименование файла" над целевым объектом "Элемент: D:\SKAD\311Kvit\tmp\SFF017102803_720320191219_288000021901062850_700.xml.test Назначение: D:\SKAD\311Kvit\tmp\SFF01710
2803_720320191219_288000021901062850_700.xml".

[2019-12-22 19:33:57Z] - INFO - Форматируем xml-файл
[2019-12-22 19:33:58Z] - INFO - Обрабатываем файл SFF017102803_720320191219_288000021901062855_700.xml
[2019-12-22 19:33:58Z] - INFO - Выполнение операции "Удаление файла" над целевым объектом "D:\SKAD\311Kvit\tmp\SFF017102803_720320191219_288000021901062855_700.xml".

[2019-12-22 19:33:58Z] - INFO - Выполнение операции "Переименование файла" над целевым объектом "Элемент: D:\SKAD\311Kvit\tmp\SFF017102803_720320191219_288000021901062855_700.xml.test Назначение: D:\SKAD\311Kvit\tmp\SFF01710
2803_720320191219_288000021901062855_700.xml".

[2019-12-22 19:33:58Z] - INFO - Форматируем xml-файл
[2019-12-22 19:33:59Z] - INFO - Обрабатываем файл SFF017102803_720320191219_288000021901062856_700.xml
[2019-12-22 19:33:59Z] - INFO - Выполнение операции "Удаление файла" над целевым объектом "D:\SKAD\311Kvit\tmp\SFF017102803_720320191219_288000021901062856_700.xml".

[2019-12-22 19:34:00Z] - INFO - Выполнение операции "Переименование файла" над целевым объектом "Элемент: D:\SKAD\311Kvit\tmp\SFF017102803_720320191219_288000021901062856_700.xml.test Назначение: D:\SKAD\311Kvit\tmp\SFF01710
2803_720320191219_288000021901062856_700.xml".

[2019-12-22 19:34:00Z] - INFO - Форматируем xml-файл
[2019-12-22 19:34:00Z] - INFO - Загружаем исходную ключевую дискету
[2019-12-22 19:34:00Z] - INFO - Завершение обработки...
[2019-12-22 19:34:46Z] - INFO - Начинаем обработку...
[2019-12-22 19:34:46Z] - INFO - Сохраняем текущею ключевую дискету
[2019-12-22 19:34:46Z] - INFO - Загружаем ключевую дискету d:\SKAD\Floppy\foiv
[2019-12-22 19:34:46Z] - INFO - Разархивация файла NN028031912200002.arj
[2019-12-22 19:34:48Z] - INFO - Обрабатываем файл SFF017102803_720320191219_288000021900091411_700.XML
[2019-12-22 19:34:48Z] - INFO - Выполнение операции "Удаление файла" над целевым объектом "D:\SKAD\311Kvit\tmp\SFF017102803_720320191219_288000021900091411_700.XML".

[2019-12-22 19:34:48Z] - INFO - Выполнение операции "Переименование файла" над целевым объектом "Элемент: D:\SKAD\311Kvit\tmp\SFF017102803_720320191219_288000021900091411_700.XML.test Назначение: D:\SKAD\311Kvit\tmp\SFF01710
2803_720320191219_288000021900091411_700.XML".

[2019-12-22 19:34:48Z] - INFO - Форматируем xml-файл SFF017102803_720320191219_288000021900091411_700.XML
[2019-12-22 19:34:49Z] - INFO - Обрабатываем файл SFF017102803_720320191219_288000021900091412_700.XML
[2019-12-22 19:34:49Z] - INFO - Выполнение операции "Удаление файла" над целевым объектом "D:\SKAD\311Kvit\tmp\SFF017102803_720320191219_288000021900091412_700.XML".

[2019-12-22 19:34:49Z] - INFO - Выполнение операции "Переименование файла" над целевым объектом "Элемент: D:\SKAD\311Kvit\tmp\SFF017102803_720320191219_288000021900091412_700.XML.test Назначение: D:\SKAD\311Kvit\tmp\SFF01710
2803_720320191219_288000021900091412_700.XML".

[2019-12-22 19:34:49Z] - INFO - Форматируем xml-файл SFF017102803_720320191219_288000021900091412_700.XML
[2019-12-22 19:34:50Z] - INFO - Обрабатываем файл SFF017102803_720320191219_288000021901062833_700.xml
[2019-12-22 19:34:50Z] - INFO - Выполнение операции "Удаление файла" над целевым объектом "D:\SKAD\311Kvit\tmp\SFF017102803_720320191219_288000021901062833_700.xml".

[2019-12-22 19:34:50Z] - INFO - Выполнение операции "Переименование файла" над целевым объектом "Элемент: D:\SKAD\311Kvit\tmp\SFF017102803_720320191219_288000021901062833_700.xml.test Назначение: D:\SKAD\311Kvit\tmp\SFF01710
2803_720320191219_288000021901062833_700.xml".

[2019-12-22 19:34:50Z] - INFO - Форматируем xml-файл SFF017102803_720320191219_288000021901062833_700.xml
[2019-12-22 19:34:51Z] - INFO - Обрабатываем файл SFF017102803_720320191219_288000021901062834_700.xml
[2019-12-22 19:34:51Z] - INFO - Выполнение операции "Удаление файла" над целевым объектом "D:\SKAD\311Kvit\tmp\SFF017102803_720320191219_288000021901062834_700.xml".

[2019-12-22 19:34:51Z] - INFO - Выполнение операции "Переименование файла" над целевым объектом "Элемент: D:\SKAD\311Kvit\tmp\SFF017102803_720320191219_288000021901062834_700.xml.test Назначение: D:\SKAD\311Kvit\tmp\SFF01710
2803_720320191219_288000021901062834_700.xml".

[2019-12-22 19:34:51Z] - INFO - Форматируем xml-файл SFF017102803_720320191219_288000021901062834_700.xml
[2019-12-22 19:34:52Z] - INFO - Обрабатываем файл SFF017102803_720320191219_288000021901062835_700.xml
[2019-12-22 19:34:52Z] - INFO - Выполнение операции "Удаление файла" над целевым объектом "D:\SKAD\311Kvit\tmp\SFF017102803_720320191219_288000021901062835_700.xml".

[2019-12-22 19:34:52Z] - INFO - Выполнение операции "Переименование файла" над целевым объектом "Элемент: D:\SKAD\311Kvit\tmp\SFF017102803_720320191219_288000021901062835_700.xml.test Назначение: D:\SKAD\311Kvit\tmp\SFF01710
2803_720320191219_288000021901062835_700.xml".

[2019-12-22 19:34:52Z] - INFO - Форматируем xml-файл SFF017102803_720320191219_288000021901062835_700.xml
[2019-12-22 19:34:54Z] - INFO - Обрабатываем файл SFF017102803_720320191219_288000021901062845_700.xml
[2019-12-22 19:34:54Z] - INFO - Выполнение операции "Удаление файла" над целевым объектом "D:\SKAD\311Kvit\tmp\SFF017102803_720320191219_288000021901062845_700.xml".

[2019-12-22 19:34:54Z] - INFO - Выполнение операции "Переименование файла" над целевым объектом "Элемент: D:\SKAD\311Kvit\tmp\SFF017102803_720320191219_288000021901062845_700.xml.test Назначение: D:\SKAD\311Kvit\tmp\SFF01710
2803_720320191219_288000021901062845_700.xml".

[2019-12-22 19:34:54Z] - INFO - Форматируем xml-файл SFF017102803_720320191219_288000021901062845_700.xml
[2019-12-22 19:34:55Z] - INFO - Обрабатываем файл SFF017102803_720320191219_288000021901062850_700.xml
[2019-12-22 19:34:55Z] - INFO - Выполнение операции "Удаление файла" над целевым объектом "D:\SKAD\311Kvit\tmp\SFF017102803_720320191219_288000021901062850_700.xml".

[2019-12-22 19:34:55Z] - INFO - Выполнение операции "Переименование файла" над целевым объектом "Элемент: D:\SKAD\311Kvit\tmp\SFF017102803_720320191219_288000021901062850_700.xml.test Назначение: D:\SKAD\311Kvit\tmp\SFF01710
2803_720320191219_288000021901062850_700.xml".

[2019-12-22 19:34:55Z] - INFO - Форматируем xml-файл SFF017102803_720320191219_288000021901062850_700.xml
[2019-12-22 19:34:56Z] - INFO - Обрабатываем файл SFF017102803_720320191219_288000021901062855_700.xml
[2019-12-22 19:34:56Z] - INFO - Выполнение операции "Удаление файла" над целевым объектом "D:\SKAD\311Kvit\tmp\SFF017102803_720320191219_288000021901062855_700.xml".

[2019-12-22 19:34:56Z] - INFO - Выполнение операции "Переименование файла" над целевым объектом "Элемент: D:\SKAD\311Kvit\tmp\SFF017102803_720320191219_288000021901062855_700.xml.test Назначение: D:\SKAD\311Kvit\tmp\SFF01710
2803_720320191219_288000021901062855_700.xml".

[2019-12-22 19:34:56Z] - INFO - Форматируем xml-файл SFF017102803_720320191219_288000021901062855_700.xml
[2019-12-22 19:34:57Z] - INFO - Обрабатываем файл SFF017102803_720320191219_288000021901062856_700.xml
[2019-12-22 19:34:57Z] - INFO - Выполнение операции "Удаление файла" над целевым объектом "D:\SKAD\311Kvit\tmp\SFF017102803_720320191219_288000021901062856_700.xml".

[2019-12-22 19:34:57Z] - INFO - Выполнение операции "Переименование файла" над целевым объектом "Элемент: D:\SKAD\311Kvit\tmp\SFF017102803_720320191219_288000021901062856_700.xml.test Назначение: D:\SKAD\311Kvit\tmp\SFF01710
2803_720320191219_288000021901062856_700.xml".

[2019-12-22 19:34:57Z] - INFO - Форматируем xml-файл SFF017102803_720320191219_288000021901062856_700.xml
[2019-12-22 19:34:57Z] - INFO - Загружаем исходную ключевую дискету
[2019-12-22 19:34:57Z] - INFO - Завершение обработки...
[2019-12-22 19:51:00Z] - INFO - Начинаем обработку...
[2019-12-22 19:51:00Z] - INFO - Сохраняем текущею ключевую дискету
[2019-12-22 19:51:00Z] - INFO - Загружаем ключевую дискету d:\SKAD\Floppy\foiv
[2019-12-22 19:51:00Z] - INFO - Разархивация файла NN028031912200002.arj
[2019-12-22 19:51:02Z] - INFO - Снимаем подпись с файла SFF017102803_720320191219_288000021900091411_700.XML
[2019-12-22 19:51:02Z] - INFO - Выполнение операции "Удаление файла" над целевым объектом "D:\SKAD\311Kvit\tmp\SFF017102803_720320191219_288000021900091411_700.XML".

[2019-12-22 19:51:02Z] - INFO - Выполнение операции "Переименование файла" над целевым объектом "Элемент: D:\SKAD\311Kvit\tmp\SFF017102803_720320191219_288000021900091411_700.XML.test Назначение: D:\SKAD\311Kvit\tmp\SFF01710
2803_720320191219_288000021900091411_700.XML".

[2019-12-22 19:51:02Z] - INFO - Форматируем xml-файл SFF017102803_720320191219_288000021900091411_700.XML
[2019-12-22 19:51:03Z] - INFO - Снимаем подпись с файла SFF017102803_720320191219_288000021900091412_700.XML
[2019-12-22 19:51:03Z] - INFO - Выполнение операции "Удаление файла" над целевым объектом "D:\SKAD\311Kvit\tmp\SFF017102803_720320191219_288000021900091412_700.XML".

[2019-12-22 19:51:03Z] - INFO - Выполнение операции "Переименование файла" над целевым объектом "Элемент: D:\SKAD\311Kvit\tmp\SFF017102803_720320191219_288000021900091412_700.XML.test Назначение: D:\SKAD\311Kvit\tmp\SFF01710
2803_720320191219_288000021900091412_700.XML".

[2019-12-22 19:51:03Z] - INFO - Форматируем xml-файл SFF017102803_720320191219_288000021900091412_700.XML
[2019-12-22 19:51:04Z] - INFO - Снимаем подпись с файла SFF017102803_720320191219_288000021901062833_700.xml
[2019-12-22 19:51:04Z] - INFO - Выполнение операции "Удаление файла" над целевым объектом "D:\SKAD\311Kvit\tmp\SFF017102803_720320191219_288000021901062833_700.xml".

[2019-12-22 19:51:05Z] - INFO - Выполнение операции "Переименование файла" над целевым объектом "Элемент: D:\SKAD\311Kvit\tmp\SFF017102803_720320191219_288000021901062833_700.xml.test Назначение: D:\SKAD\311Kvit\tmp\SFF01710
2803_720320191219_288000021901062833_700.xml".

[2019-12-22 19:51:05Z] - INFO - Форматируем xml-файл SFF017102803_720320191219_288000021901062833_700.xml
[2019-12-22 19:51:06Z] - INFO - Снимаем подпись с файла SFF017102803_720320191219_288000021901062834_700.xml
[2019-12-22 19:51:06Z] - INFO - Выполнение операции "Удаление файла" над целевым объектом "D:\SKAD\311Kvit\tmp\SFF017102803_720320191219_288000021901062834_700.xml".

[2019-12-22 19:51:06Z] - INFO - Выполнение операции "Переименование файла" над целевым объектом "Элемент: D:\SKAD\311Kvit\tmp\SFF017102803_720320191219_288000021901062834_700.xml.test Назначение: D:\SKAD\311Kvit\tmp\SFF01710
2803_720320191219_288000021901062834_700.xml".

[2019-12-22 19:51:06Z] - INFO - Форматируем xml-файл SFF017102803_720320191219_288000021901062834_700.xml
[2019-12-22 19:51:07Z] - INFO - Снимаем подпись с файла SFF017102803_720320191219_288000021901062835_700.xml
[2019-12-22 19:51:07Z] - INFO - Выполнение операции "Удаление файла" над целевым объектом "D:\SKAD\311Kvit\tmp\SFF017102803_720320191219_288000021901062835_700.xml".

[2019-12-22 19:51:07Z] - INFO - Выполнение операции "Переименование файла" над целевым объектом "Элемент: D:\SKAD\311Kvit\tmp\SFF017102803_720320191219_288000021901062835_700.xml.test Назначение: D:\SKAD\311Kvit\tmp\SFF01710
2803_720320191219_288000021901062835_700.xml".

[2019-12-22 19:51:07Z] - INFO - Форматируем xml-файл SFF017102803_720320191219_288000021901062835_700.xml
[2019-12-22 19:51:08Z] - INFO - Снимаем подпись с файла SFF017102803_720320191219_288000021901062845_700.xml
[2019-12-22 19:51:08Z] - INFO - Выполнение операции "Удаление файла" над целевым объектом "D:\SKAD\311Kvit\tmp\SFF017102803_720320191219_288000021901062845_700.xml".

[2019-12-22 19:51:08Z] - INFO - Выполнение операции "Переименование файла" над целевым объектом "Элемент: D:\SKAD\311Kvit\tmp\SFF017102803_720320191219_288000021901062845_700.xml.test Назначение: D:\SKAD\311Kvit\tmp\SFF01710
2803_720320191219_288000021901062845_700.xml".

[2019-12-22 19:51:08Z] - INFO - Форматируем xml-файл SFF017102803_720320191219_288000021901062845_700.xml
[2019-12-22 19:51:09Z] - INFO - Снимаем подпись с файла SFF017102803_720320191219_288000021901062850_700.xml
[2019-12-22 19:51:09Z] - INFO - Выполнение операции "Удаление файла" над целевым объектом "D:\SKAD\311Kvit\tmp\SFF017102803_720320191219_288000021901062850_700.xml".

[2019-12-22 19:51:09Z] - INFO - Выполнение операции "Переименование файла" над целевым объектом "Элемент: D:\SKAD\311Kvit\tmp\SFF017102803_720320191219_288000021901062850_700.xml.test Назначение: D:\SKAD\311Kvit\tmp\SFF01710
2803_720320191219_288000021901062850_700.xml".

[2019-12-22 19:51:09Z] - INFO - Форматируем xml-файл SFF017102803_720320191219_288000021901062850_700.xml
[2019-12-22 19:51:10Z] - INFO - Снимаем подпись с файла SFF017102803_720320191219_288000021901062855_700.xml
[2019-12-22 19:51:10Z] - INFO - Выполнение операции "Удаление файла" над целевым объектом "D:\SKAD\311Kvit\tmp\SFF017102803_720320191219_288000021901062855_700.xml".

[2019-12-22 19:51:10Z] - INFO - Выполнение операции "Переименование файла" над целевым объектом "Элемент: D:\SKAD\311Kvit\tmp\SFF017102803_720320191219_288000021901062855_700.xml.test Назначение: D:\SKAD\311Kvit\tmp\SFF01710
2803_720320191219_288000021901062855_700.xml".

[2019-12-22 19:51:10Z] - INFO - Форматируем xml-файл SFF017102803_720320191219_288000021901062855_700.xml
[2019-12-22 19:51:11Z] - INFO - Снимаем подпись с файла SFF017102803_720320191219_288000021901062856_700.xml
[2019-12-22 19:51:11Z] - INFO - Выполнение операции "Удаление файла" над целевым объектом "D:\SKAD\311Kvit\tmp\SFF017102803_720320191219_288000021901062856_700.xml".

[2019-12-22 19:51:11Z] - INFO - Выполнение операции "Переименование файла" над целевым объектом "Элемент: D:\SKAD\311Kvit\tmp\SFF017102803_720320191219_288000021901062856_700.xml.test Назначение: D:\SKAD\311Kvit\tmp\SFF01710
2803_720320191219_288000021901062856_700.xml".

[2019-12-22 19:51:11Z] - INFO - Форматируем xml-файл SFF017102803_720320191219_288000021901062856_700.xml
[2019-12-22 19:51:12Z] - INFO - Выполнение операции "Копирование файла" над целевым объектом "Элемент: D:\SKAD\311Kvit\tmp\SFF017102803_720320191219_288000021900091411_700.XML Назначение: D:\SKAD\311Kvit\temp\311p\Arhive\221
22019\KVIT\SFF017102803_720320191219_288000021900091411_700.XML".
Выполнение операции "Копирование файла" над целевым объектом "Элемент: D:\SKAD\311Kvit\tmp\SFF017102803_720320191219_288000021900091412_700.XML Назначение: D:\SKAD\311Kvit\temp\311p\Arhive\221
22019\KVIT\SFF017102803_720320191219_288000021900091412_700.XML".
Выполнение операции "Копирование файла" над целевым объектом "Элемент: D:\SKAD\311Kvit\tmp\SFF017102803_720320191219_288000021901062833_700.xml Назначение: D:\SKAD\311Kvit\temp\311p\Arhive\221
22019\KVIT\SFF017102803_720320191219_288000021901062833_700.xml".
Выполнение операции "Копирование файла" над целевым объектом "Элемент: D:\SKAD\311Kvit\tmp\SFF017102803_720320191219_288000021901062834_700.xml Назначение: D:\SKAD\311Kvit\temp\311p\Arhive\221
22019\KVIT\SFF017102803_720320191219_288000021901062834_700.xml".
Выполнение операции "Копирование файла" над целевым объектом "Элемент: D:\SKAD\311Kvit\tmp\SFF017102803_720320191219_288000021901062835_700.xml Назначение: D:\SKAD\311Kvit\temp\311p\Arhive\221
22019\KVIT\SFF017102803_720320191219_288000021901062835_700.xml".
Выполнение операции "Копирование файла" над целевым объектом "Элемент: D:\SKAD\311Kvit\tmp\SFF017102803_720320191219_288000021901062845_700.xml Назначение: D:\SKAD\311Kvit\temp\311p\Arhive\221
22019\KVIT\SFF017102803_720320191219_288000021901062845_700.xml".
Выполнение операции "Копирование файла" над целевым объектом "Элемент: D:\SKAD\311Kvit\tmp\SFF017102803_720320191219_288000021901062850_700.xml Назначение: D:\SKAD\311Kvit\temp\311p\Arhive\221
22019\KVIT\SFF017102803_720320191219_288000021901062850_700.xml".
Выполнение операции "Копирование файла" над целевым объектом "Элемент: D:\SKAD\311Kvit\tmp\SFF017102803_720320191219_288000021901062855_700.xml Назначение: D:\SKAD\311Kvit\temp\311p\Arhive\221
22019\KVIT\SFF017102803_720320191219_288000021901062855_700.xml".
Выполнение операции "Копирование файла" над целевым объектом "Элемент: D:\SKAD\311Kvit\tmp\SFF017102803_720320191219_288000021901062856_700.xml Назначение: D:\SKAD\311Kvit\temp\311p\Arhive\221
22019\KVIT\SFF017102803_720320191219_288000021901062856_700.xml".

[2019-12-22 19:51:12Z] - INFO - Выполнение операции "Копирование файла" над целевым объектом "Элемент: D:\SKAD\311Kvit\tmp\SFF017102803_720320191219_288000021900091411_700.XML Назначение: D:\SKAD\311Kvit\temp\311pMsk\2212201
9\SFF017102803_720320191219_288000021900091411_700.XML".
Выполнение операции "Копирование файла" над целевым объектом "Элемент: D:\SKAD\311Kvit\tmp\SFF017102803_720320191219_288000021900091412_700.XML Назначение: D:\SKAD\311Kvit\temp\311pMsk\2212201
9\SFF017102803_720320191219_288000021900091412_700.XML".
Выполнение операции "Копирование файла" над целевым объектом "Элемент: D:\SKAD\311Kvit\tmp\SFF017102803_720320191219_288000021901062833_700.xml Назначение: D:\SKAD\311Kvit\temp\311pMsk\2212201
9\SFF017102803_720320191219_288000021901062833_700.xml".
Выполнение операции "Копирование файла" над целевым объектом "Элемент: D:\SKAD\311Kvit\tmp\SFF017102803_720320191219_288000021901062834_700.xml Назначение: D:\SKAD\311Kvit\temp\311pMsk\2212201
9\SFF017102803_720320191219_288000021901062834_700.xml".
Выполнение операции "Копирование файла" над целевым объектом "Элемент: D:\SKAD\311Kvit\tmp\SFF017102803_720320191219_288000021901062835_700.xml Назначение: D:\SKAD\311Kvit\temp\311pMsk\2212201
9\SFF017102803_720320191219_288000021901062835_700.xml".
Выполнение операции "Копирование файла" над целевым объектом "Элемент: D:\SKAD\311Kvit\tmp\SFF017102803_720320191219_288000021901062845_700.xml Назначение: D:\SKAD\311Kvit\temp\311pMsk\2212201
9\SFF017102803_720320191219_288000021901062845_700.xml".
Выполнение операции "Копирование файла" над целевым объектом "Элемент: D:\SKAD\311Kvit\tmp\SFF017102803_720320191219_288000021901062850_700.xml Назначение: D:\SKAD\311Kvit\temp\311pMsk\2212201
9\SFF017102803_720320191219_288000021901062850_700.xml".
Выполнение операции "Копирование файла" над целевым объектом "Элемент: D:\SKAD\311Kvit\tmp\SFF017102803_720320191219_288000021901062855_700.xml Назначение: D:\SKAD\311Kvit\temp\311pMsk\2212201
9\SFF017102803_720320191219_288000021901062855_700.xml".
Выполнение операции "Копирование файла" над целевым объектом "Элемент: D:\SKAD\311Kvit\tmp\SFF017102803_720320191219_288000021901062856_700.xml Назначение: D:\SKAD\311Kvit\temp\311pMsk\2212201
9\SFF017102803_720320191219_288000021901062856_700.xml".

[2019-12-22 19:51:12Z] - INFO - Загружаем исходную ключевую дискету
[2019-12-22 19:51:12Z] - INFO - Завершение обработки...
[2019-12-22 19:52:13Z] - INFO - Начинаем обработку...
[2019-12-22 19:52:13Z] - INFO - Сохраняем текущею ключевую дискету
[2019-12-22 19:52:13Z] - INFO - Загружаем ключевую дискету d:\SKAD\Floppy\foiv
[2019-12-22 19:52:13Z] - INFO - Разархивация файла NN028031912200002.arj
[2019-12-22 19:52:15Z] - INFO - Снимаем подпись с файла SFF017102803_720320191219_288000021900091411_700.XML
[2019-12-22 19:52:15Z] - INFO - Выполнение операции "Удаление файла" над целевым объектом "D:\SKAD\311Kvit\tmp\SFF017102803_720320191219_288000021900091411_700.XML".

[2019-12-22 19:52:15Z] - INFO - Выполнение операции "Переименование файла" над целевым объектом "Элемент: D:\SKAD\311Kvit\tmp\SFF017102803_720320191219_288000021900091411_700.XML.test Назначение: D:\SKAD\311Kvit\tmp\SFF01710
2803_720320191219_288000021900091411_700.XML".

[2019-12-22 19:52:15Z] - INFO - Форматируем xml-файл SFF017102803_720320191219_288000021900091411_700.XML
[2019-12-22 19:52:16Z] - INFO - Снимаем подпись с файла SFF017102803_720320191219_288000021900091412_700.XML
[2019-12-22 19:52:16Z] - INFO - Выполнение операции "Удаление файла" над целевым объектом "D:\SKAD\311Kvit\tmp\SFF017102803_720320191219_288000021900091412_700.XML".

[2019-12-22 19:52:16Z] - INFO - Выполнение операции "Переименование файла" над целевым объектом "Элемент: D:\SKAD\311Kvit\tmp\SFF017102803_720320191219_288000021900091412_700.XML.test Назначение: D:\SKAD\311Kvit\tmp\SFF01710
2803_720320191219_288000021900091412_700.XML".

[2019-12-22 19:52:16Z] - INFO - Форматируем xml-файл SFF017102803_720320191219_288000021900091412_700.XML
[2019-12-22 19:52:17Z] - INFO - Снимаем подпись с файла SFF017102803_720320191219_288000021901062833_700.xml
[2019-12-22 19:52:17Z] - INFO - Выполнение операции "Удаление файла" над целевым объектом "D:\SKAD\311Kvit\tmp\SFF017102803_720320191219_288000021901062833_700.xml".

[2019-12-22 19:52:17Z] - INFO - Выполнение операции "Переименование файла" над целевым объектом "Элемент: D:\SKAD\311Kvit\tmp\SFF017102803_720320191219_288000021901062833_700.xml.test Назначение: D:\SKAD\311Kvit\tmp\SFF01710
2803_720320191219_288000021901062833_700.xml".

[2019-12-22 19:52:17Z] - INFO - Форматируем xml-файл SFF017102803_720320191219_288000021901062833_700.xml
[2019-12-22 19:52:18Z] - INFO - Снимаем подпись с файла SFF017102803_720320191219_288000021901062834_700.xml
[2019-12-22 19:52:18Z] - INFO - Выполнение операции "Удаление файла" над целевым объектом "D:\SKAD\311Kvit\tmp\SFF017102803_720320191219_288000021901062834_700.xml".

[2019-12-22 19:52:18Z] - INFO - Выполнение операции "Переименование файла" над целевым объектом "Элемент: D:\SKAD\311Kvit\tmp\SFF017102803_720320191219_288000021901062834_700.xml.test Назначение: D:\SKAD\311Kvit\tmp\SFF01710
2803_720320191219_288000021901062834_700.xml".

[2019-12-22 19:52:18Z] - INFO - Форматируем xml-файл SFF017102803_720320191219_288000021901062834_700.xml
[2019-12-22 19:52:19Z] - INFO - Снимаем подпись с файла SFF017102803_720320191219_288000021901062835_700.xml
[2019-12-22 19:52:19Z] - INFO - Выполнение операции "Удаление файла" над целевым объектом "D:\SKAD\311Kvit\tmp\SFF017102803_720320191219_288000021901062835_700.xml".

[2019-12-22 19:52:20Z] - INFO - Выполнение операции "Переименование файла" над целевым объектом "Элемент: D:\SKAD\311Kvit\tmp\SFF017102803_720320191219_288000021901062835_700.xml.test Назначение: D:\SKAD\311Kvit\tmp\SFF01710
2803_720320191219_288000021901062835_700.xml".

[2019-12-22 19:52:20Z] - INFO - Форматируем xml-файл SFF017102803_720320191219_288000021901062835_700.xml
[2019-12-22 19:52:21Z] - INFO - Снимаем подпись с файла SFF017102803_720320191219_288000021901062845_700.xml
[2019-12-22 19:52:21Z] - INFO - Выполнение операции "Удаление файла" над целевым объектом "D:\SKAD\311Kvit\tmp\SFF017102803_720320191219_288000021901062845_700.xml".

[2019-12-22 19:52:21Z] - INFO - Выполнение операции "Переименование файла" над целевым объектом "Элемент: D:\SKAD\311Kvit\tmp\SFF017102803_720320191219_288000021901062845_700.xml.test Назначение: D:\SKAD\311Kvit\tmp\SFF01710
2803_720320191219_288000021901062845_700.xml".

[2019-12-22 19:52:21Z] - INFO - Форматируем xml-файл SFF017102803_720320191219_288000021901062845_700.xml
[2019-12-22 19:52:22Z] - INFO - Снимаем подпись с файла SFF017102803_720320191219_288000021901062850_700.xml
[2019-12-22 19:52:22Z] - INFO - Выполнение операции "Удаление файла" над целевым объектом "D:\SKAD\311Kvit\tmp\SFF017102803_720320191219_288000021901062850_700.xml".

[2019-12-22 19:52:22Z] - INFO - Выполнение операции "Переименование файла" над целевым объектом "Элемент: D:\SKAD\311Kvit\tmp\SFF017102803_720320191219_288000021901062850_700.xml.test Назначение: D:\SKAD\311Kvit\tmp\SFF01710
2803_720320191219_288000021901062850_700.xml".

[2019-12-22 19:52:22Z] - INFO - Форматируем xml-файл SFF017102803_720320191219_288000021901062850_700.xml
[2019-12-22 19:52:23Z] - INFO - Снимаем подпись с файла SFF017102803_720320191219_288000021901062855_700.xml
[2019-12-22 19:52:23Z] - INFO - Выполнение операции "Удаление файла" над целевым объектом "D:\SKAD\311Kvit\tmp\SFF017102803_720320191219_288000021901062855_700.xml".

[2019-12-22 19:52:23Z] - INFO - Выполнение операции "Переименование файла" над целевым объектом "Элемент: D:\SKAD\311Kvit\tmp\SFF017102803_720320191219_288000021901062855_700.xml.test Назначение: D:\SKAD\311Kvit\tmp\SFF01710
2803_720320191219_288000021901062855_700.xml".

[2019-12-22 19:52:23Z] - INFO - Форматируем xml-файл SFF017102803_720320191219_288000021901062855_700.xml
[2019-12-22 19:52:24Z] - INFO - Снимаем подпись с файла SFF017102803_720320191219_288000021901062856_700.xml
[2019-12-22 19:52:24Z] - INFO - Выполнение операции "Удаление файла" над целевым объектом "D:\SKAD\311Kvit\tmp\SFF017102803_720320191219_288000021901062856_700.xml".

[2019-12-22 19:52:24Z] - INFO - Выполнение операции "Переименование файла" над целевым объектом "Элемент: D:\SKAD\311Kvit\tmp\SFF017102803_720320191219_288000021901062856_700.xml.test Назначение: D:\SKAD\311Kvit\tmp\SFF01710
2803_720320191219_288000021901062856_700.xml".

[2019-12-22 19:52:24Z] - INFO - Форматируем xml-файл SFF017102803_720320191219_288000021901062856_700.xml
[2019-12-22 19:52:24Z] - INFO - Выполнение операции "Копирование файла" над целевым объектом "Элемент: D:\SKAD\311Kvit\tmp\SFF017102803_720320191219_288000021900091411_700.XML Назначение: D:\SKAD\311Kvit\temp\311p\Arhive\221
22019\KVIT\SFF017102803_720320191219_288000021900091411_700.XML".
Выполнение операции "Копирование файла" над целевым объектом "Элемент: D:\SKAD\311Kvit\tmp\SFF017102803_720320191219_288000021900091412_700.XML Назначение: D:\SKAD\311Kvit\temp\311p\Arhive\221
22019\KVIT\SFF017102803_720320191219_288000021900091412_700.XML".
Выполнение операции "Копирование файла" над целевым объектом "Элемент: D:\SKAD\311Kvit\tmp\SFF017102803_720320191219_288000021901062833_700.xml Назначение: D:\SKAD\311Kvit\temp\311p\Arhive\221
22019\KVIT\SFF017102803_720320191219_288000021901062833_700.xml".
Выполнение операции "Копирование файла" над целевым объектом "Элемент: D:\SKAD\311Kvit\tmp\SFF017102803_720320191219_288000021901062834_700.xml Назначение: D:\SKAD\311Kvit\temp\311p\Arhive\221
22019\KVIT\SFF017102803_720320191219_288000021901062834_700.xml".
Выполнение операции "Копирование файла" над целевым объектом "Элемент: D:\SKAD\311Kvit\tmp\SFF017102803_720320191219_288000021901062835_700.xml Назначение: D:\SKAD\311Kvit\temp\311p\Arhive\221
22019\KVIT\SFF017102803_720320191219_288000021901062835_700.xml".
Выполнение операции "Копирование файла" над целевым объектом "Элемент: D:\SKAD\311Kvit\tmp\SFF017102803_720320191219_288000021901062845_700.xml Назначение: D:\SKAD\311Kvit\temp\311p\Arhive\221
22019\KVIT\SFF017102803_720320191219_288000021901062845_700.xml".
Выполнение операции "Копирование файла" над целевым объектом "Элемент: D:\SKAD\311Kvit\tmp\SFF017102803_720320191219_288000021901062850_700.xml Назначение: D:\SKAD\311Kvit\temp\311p\Arhive\221
22019\KVIT\SFF017102803_720320191219_288000021901062850_700.xml".
Выполнение операции "Копирование файла" над целевым объектом "Элемент: D:\SKAD\311Kvit\tmp\SFF017102803_720320191219_288000021901062855_700.xml Назначение: D:\SKAD\311Kvit\temp\311p\Arhive\221
22019\KVIT\SFF017102803_720320191219_288000021901062855_700.xml".
Выполнение операции "Копирование файла" над целевым объектом "Элемент: D:\SKAD\311Kvit\tmp\SFF017102803_720320191219_288000021901062856_700.xml Назначение: D:\SKAD\311Kvit\temp\311p\Arhive\221
22019\KVIT\SFF017102803_720320191219_288000021901062856_700.xml".

[2019-12-22 19:52:24Z] - INFO - Выполнение операции "Копирование файла" над целевым объектом "Элемент: D:\SKAD\311Kvit\tmp\SFF017102803_720320191219_288000021900091411_700.XML Назначение: D:\SKAD\311Kvit\temp\311pMsk\2212201
9\SFF017102803_720320191219_288000021900091411_700.XML".
Выполнение операции "Копирование файла" над целевым объектом "Элемент: D:\SKAD\311Kvit\tmp\SFF017102803_720320191219_288000021900091412_700.XML Назначение: D:\SKAD\311Kvit\temp\311pMsk\2212201
9\SFF017102803_720320191219_288000021900091412_700.XML".
Выполнение операции "Копирование файла" над целевым объектом "Элемент: D:\SKAD\311Kvit\tmp\SFF017102803_720320191219_288000021901062833_700.xml Назначение: D:\SKAD\311Kvit\temp\311pMsk\2212201
9\SFF017102803_720320191219_288000021901062833_700.xml".
Выполнение операции "Копирование файла" над целевым объектом "Элемент: D:\SKAD\311Kvit\tmp\SFF017102803_720320191219_288000021901062834_700.xml Назначение: D:\SKAD\311Kvit\temp\311pMsk\2212201
9\SFF017102803_720320191219_288000021901062834_700.xml".
Выполнение операции "Копирование файла" над целевым объектом "Элемент: D:\SKAD\311Kvit\tmp\SFF017102803_720320191219_288000021901062835_700.xml Назначение: D:\SKAD\311Kvit\temp\311pMsk\2212201
9\SFF017102803_720320191219_288000021901062835_700.xml".
Выполнение операции "Копирование файла" над целевым объектом "Элемент: D:\SKAD\311Kvit\tmp\SFF017102803_720320191219_288000021901062845_700.xml Назначение: D:\SKAD\311Kvit\temp\311pMsk\2212201
9\SFF017102803_720320191219_288000021901062845_700.xml".
Выполнение операции "Копирование файла" над целевым объектом "Элемент: D:\SKAD\311Kvit\tmp\SFF017102803_720320191219_288000021901062850_700.xml Назначение: D:\SKAD\311Kvit\temp\311pMsk\2212201
9\SFF017102803_720320191219_288000021901062850_700.xml".
Выполнение операции "Копирование файла" над целевым объектом "Элемент: D:\SKAD\311Kvit\tmp\SFF017102803_720320191219_288000021901062855_700.xml Назначение: D:\SKAD\311Kvit\temp\311pMsk\2212201
9\SFF017102803_720320191219_288000021901062855_700.xml".
Выполнение операции "Копирование файла" над целевым объектом "Элемент: D:\SKAD\311Kvit\tmp\SFF017102803_720320191219_288000021901062856_700.xml Назначение: D:\SKAD\311Kvit\temp\311pMsk\2212201
9\SFF017102803_720320191219_288000021901062856_700.xml".

[2019-12-22 19:52:24Z] - INFO - Выполнение операции "Перемещение файла" над целевым объектом "Элемент: D:\SKAD\311Kvit\OUT\NN028031912200002.arj Назначение: D:\SKAD\311Kvit\temp\311p\Arhive\22122019\NN028031912200002.arj".

[2019-12-22 19:52:24Z] - INFO - Загружаем исходную ключевую дискету
[2019-12-22 19:52:24Z] - INFO - Завершение обработки...
[2019-12-22 19:53:31Z] - INFO - Начинаем обработку...
[2019-12-22 19:53:31Z] - INFO - Сохраняем текущею ключевую дискету
[2019-12-22 19:53:31Z] - INFO - Загружаем ключевую дискету d:\SKAD\Floppy\foiv
[2019-12-22 19:53:31Z] - INFO - Разархивация файла NN028031912200001.arj
[2019-12-22 19:53:33Z] - INFO - Снимаем подпись с файла SFE027102803_720320191219_288000021901056900_701.xml
[2019-12-22 19:53:33Z] - INFO - Выполнение операции "Удаление файла" над целевым объектом "D:\SKAD\311Kvit\tmp\SFE027102803_720320191219_288000021901056900_701.xml".

[2019-12-22 19:53:33Z] - INFO - Выполнение операции "Переименование файла" над целевым объектом "Элемент: D:\SKAD\311Kvit\tmp\SFE027102803_720320191219_288000021901056900_701.xml.test Назначение: D:\SKAD\311Kvit\tmp\SFE02710
2803_720320191219_288000021901056900_701.xml".

[2019-12-22 19:53:33Z] - INFO - Форматируем xml-файл SFE027102803_720320191219_288000021901056900_701.xml
[2019-12-22 19:53:33Z] - INFO - Выполнение операции "Копирование файла" над целевым объектом "Элемент: D:\SKAD\311Kvit\tmp\SFE027102803_720320191219_288000021901056900_701.xml Назначение: D:\SKAD\311Kvit\temp\311p\Arhive\221
22019\KVITERR\SFE027102803_720320191219_288000021901056900_701.xml".

[2019-12-22 19:53:33Z] - INFO - Выполнение операции "Копирование файла" над целевым объектом "Элемент: D:\SKAD\311Kvit\tmp\SFE027102803_720320191219_288000021901056900_701.xml Назначение: D:\SKAD\311Kvit\temp\311pMsk\2212201
9\SFE027102803_720320191219_288000021901056900_701.xml".

[2019-12-22 19:53:33Z] - INFO - Выполнение операции "Перемещение файла" над целевым объектом "Элемент: D:\SKAD\311Kvit\OUT\NN028031912200001.arj Назначение: D:\SKAD\311Kvit\temp\311p\Arhive\22122019\NN028031912200001.arj".

[2019-12-22 19:53:33Z] - INFO - Загружаем исходную ключевую дискету
[2019-12-22 19:53:33Z] - INFO - Завершение обработки...
[2019-12-22 19:55:20Z] - INFO - Начинаем обработку...
[2019-12-22 19:55:20Z] - INFO - Сохраняем текущею ключевую дискету
[2019-12-22 19:55:20Z] - INFO - Загружаем ключевую дискету d:\SKAD\Floppy\foiv
[2019-12-22 19:55:20Z] - INFO - Разархивация файла NN028031912200001.arj
[2019-12-22 19:55:22Z] - INFO - Снимаем подпись с файла SFE027102803_720320191219_288000021901056900_701.xml
[2019-12-22 19:55:22Z] - INFO - Выполнение операции "Удаление файла" над целевым объектом "D:\SKAD\311Kvit\tmp\SFE027102803_720320191219_288000021901056900_701.xml".

[2019-12-22 19:55:22Z] - INFO - Выполнение операции "Переименование файла" над целевым объектом "Элемент: D:\SKAD\311Kvit\tmp\SFE027102803_720320191219_288000021901056900_701.xml.test Назначение: D:\SKAD\311Kvit\tmp\SFE02710
2803_720320191219_288000021901056900_701.xml".

[2019-12-22 19:55:22Z] - INFO - Форматируем xml-файл SFE027102803_720320191219_288000021901056900_701.xml
[2019-12-22 19:55:22Z] - INFO - Выполнение операции "Копирование файла" над целевым объектом "Элемент: D:\SKAD\311Kvit\tmp\SFE027102803_720320191219_288000021901056900_701.xml Назначение: D:\SKAD\311Kvit\temp\311p\Arhive\221
22019\KVITERR\SFE027102803_720320191219_288000021901056900_701.xml".

[2019-12-22 19:55:22Z] - INFO - Выполнение операции "Перемещение файла" над целевым объектом "Элемент: D:\SKAD\311Kvit\tmp\SFE027102803_720320191219_288000021901056900_701.xml Назначение: D:\SKAD\311Kvit\temp\311pMsk\2212201
9\SFE027102803_720320191219_288000021901056900_701.xml".

[2019-12-22 19:55:22Z] - INFO - Выполнение операции "Перемещение файла" над целевым объектом "Элемент: D:\SKAD\311Kvit\OUT\NN028031912200001.arj Назначение: D:\SKAD\311Kvit\temp\311p\Arhive\22122019\NN028031912200001.arj".

[2019-12-22 19:55:22Z] - INFO - Загружаем исходную ключевую дискету
[2019-12-22 19:55:22Z] - INFO - Завершение обработки...
