[2019-12-23 22:08:29Z] - INFO - Начинаем обработку...
[2019-12-23 22:08:29Z] - ERRR - Диск А не найден!
[2019-12-23 22:08:55Z] - INFO - Начинаем обработку...
[2019-12-23 22:08:55Z] - INFO - Сохраняем текущею ключевую дискету
[2019-12-23 22:08:55Z] - INFO - Загружаем ключевую дискету d:\SKAD\Floppy\foiv
[2019-12-23 22:08:55Z] - INFO - Разархивация файла NN028031912200001.arj
[2019-12-23 22:08:58Z] - INFO - Снимаем подпись с файла SFE027102803_720320191219_288000021901056900_701.xml
[2019-12-23 22:08:58Z] - INFO - Выполнение операции "Удаление файла" над целевым объектом "D:\SKAD\311Kvit\tmp\SFE027102803_720320191219_288000021901056900_701.xml".

[2019-12-23 22:08:58Z] - INFO - Выполнение операции "Переименование файла" над целевым объектом "Элемент: D:\SKAD\311Kvit\tmp\SFE027102803_720320191219_288000021901056900_701.xml.test Назначение: D:\SKAD\311Kvit\tmp\SFE02710
2803_720320191219_288000021901056900_701.xml".

[2019-12-23 22:08:58Z] - INFO - Форматируем xml-файл SFE027102803_720320191219_288000021901056900_701.xml
[2019-12-23 22:08:58Z] - INFO - Выполнение операции "Копирование файла" над целевым объектом "Элемент: D:\SKAD\311Kvit\tmp\SFE027102803_720320191219_288000021901056900_701.xml Назначение: D:\SKAD\311Kvit\temp\311p\Arhive\231
22019\KVITERR\SFE027102803_720320191219_288000021901056900_701.xml".

[2019-12-23 22:12:05Z] - INFO - Выполнение операции "Перемещение файла" над целевым объектом "Элемент: D:\SKAD\311Kvit\tmp\SFE027102803_720320191219_288000021901056900_701.xml Назначение: D:\SKAD\311Kvit\temp\311pMsk\2312201
9\SFE027102803_720320191219_288000021901056900_701.xml".

[2019-12-23 22:12:25Z] - INFO - Выполнение операции "Перемещение файла" над целевым объектом "Элемент: D:\SKAD\311Kvit\OUT\NN028031912200001.arj Назначение: D:\SKAD\311Kvit\temp\311p\Arhive\23122019\NN028031912200001.arj".

[2019-12-23 22:12:46Z] - INFO - Загружаем исходную ключевую дискету
[2019-12-23 22:12:47Z] - INFO - Завершение обработки...
[2019-12-23 22:17:24Z] - INFO - Начинаем обработку...
[2019-12-23 22:17:24Z] - INFO - Сохраняем текущею ключевую дискету
[2019-12-23 22:17:24Z] - INFO - Загружаем ключевую дискету d:\SKAD\Floppy\foiv
[2019-12-23 22:17:24Z] - INFO - Разархивация файла NN028031912200001.arj
[2019-12-23 22:17:26Z] - INFO - Снимаем подпись с файла SFE027102803_720320191219_288000021901056900_701.xml
[2019-12-23 22:17:26Z] - INFO - Выполнение операции "Удаление файла" над целевым объектом "D:\SKAD\311Kvit\tmp\SFE027102803_720320191219_288000021901056900_701.xml".

[2019-12-23 22:17:26Z] - INFO - Выполнение операции "Переименование файла" над целевым объектом "Элемент: D:\SKAD\311Kvit\tmp\SFE027102803_720320191219_288000021901056900_701.xml.test Назначение: D:\SKAD\311Kvit\tmp\SFE02710
2803_720320191219_288000021901056900_701.xml".

[2019-12-23 22:17:26Z] - INFO - Форматируем xml-файл SFE027102803_720320191219_288000021901056900_701.xml
[2019-12-23 22:17:26Z] - INFO - Выполнение операции "Копирование файла" над целевым объектом "Элемент: D:\SKAD\311Kvit\tmp\SFE027102803_720320191219_288000021901056900_701.xml Назначение: D:\SKAD\311Kvit\temp\311p\Arhive\231
22019\KVITERR\SFE027102803_720320191219_288000021901056900_701.xml".

[2019-12-23 22:17:31Z] - INFO - Выполнение операции "Перемещение файла" над целевым объектом "Элемент: D:\SKAD\311Kvit\tmp\SFE027102803_720320191219_288000021901056900_701.xml Назначение: D:\SKAD\311Kvit\temp\311pMsk\2312201
9\SFE027102803_720320191219_288000021901056900_701.xml".

[2019-12-23 22:17:31Z] - INFO - Выполнение операции "Перемещение файла" над целевым объектом "Элемент: D:\SKAD\311Kvit\temp\OUT\NN028031912200001.arj Назначение: D:\SKAD\311Kvit\temp\311p\Arhive\23122019\NN028031912200001.ar
j".

[2019-12-23 22:17:31Z] - INFO - Разархивация файла NN028031912200002.arj
[2019-12-23 22:17:33Z] - INFO - Снимаем подпись с файла SFF017102803_720320191219_288000021900091411_700.XML
[2019-12-23 22:17:33Z] - INFO - Выполнение операции "Удаление файла" над целевым объектом "D:\SKAD\311Kvit\tmp\SFF017102803_720320191219_288000021900091411_700.XML".

[2019-12-23 22:17:33Z] - INFO - Выполнение операции "Переименование файла" над целевым объектом "Элемент: D:\SKAD\311Kvit\tmp\SFF017102803_720320191219_288000021900091411_700.XML.test Назначение: D:\SKAD\311Kvit\tmp\SFF01710
2803_720320191219_288000021900091411_700.XML".

[2019-12-23 22:17:33Z] - INFO - Форматируем xml-файл SFF017102803_720320191219_288000021900091411_700.XML
[2019-12-23 22:17:35Z] - INFO - Снимаем подпись с файла SFF017102803_720320191219_288000021900091412_700.XML
[2019-12-23 22:17:35Z] - INFO - Выполнение операции "Удаление файла" над целевым объектом "D:\SKAD\311Kvit\tmp\SFF017102803_720320191219_288000021900091412_700.XML".

[2019-12-23 22:17:35Z] - INFO - Выполнение операции "Переименование файла" над целевым объектом "Элемент: D:\SKAD\311Kvit\tmp\SFF017102803_720320191219_288000021900091412_700.XML.test Назначение: D:\SKAD\311Kvit\tmp\SFF01710
2803_720320191219_288000021900091412_700.XML".

[2019-12-23 22:17:35Z] - INFO - Форматируем xml-файл SFF017102803_720320191219_288000021900091412_700.XML
[2019-12-23 22:17:36Z] - INFO - Снимаем подпись с файла SFF017102803_720320191219_288000021901062833_700.xml
[2019-12-23 22:17:36Z] - INFO - Выполнение операции "Удаление файла" над целевым объектом "D:\SKAD\311Kvit\tmp\SFF017102803_720320191219_288000021901062833_700.xml".

[2019-12-23 22:17:36Z] - INFO - Выполнение операции "Переименование файла" над целевым объектом "Элемент: D:\SKAD\311Kvit\tmp\SFF017102803_720320191219_288000021901062833_700.xml.test Назначение: D:\SKAD\311Kvit\tmp\SFF01710
2803_720320191219_288000021901062833_700.xml".

[2019-12-23 22:17:36Z] - INFO - Форматируем xml-файл SFF017102803_720320191219_288000021901062833_700.xml
[2019-12-23 22:17:37Z] - INFO - Снимаем подпись с файла SFF017102803_720320191219_288000021901062834_700.xml
[2019-12-23 22:17:37Z] - INFO - Выполнение операции "Удаление файла" над целевым объектом "D:\SKAD\311Kvit\tmp\SFF017102803_720320191219_288000021901062834_700.xml".

[2019-12-23 22:17:37Z] - INFO - Выполнение операции "Переименование файла" над целевым объектом "Элемент: D:\SKAD\311Kvit\tmp\SFF017102803_720320191219_288000021901062834_700.xml.test Назначение: D:\SKAD\311Kvit\tmp\SFF01710
2803_720320191219_288000021901062834_700.xml".

[2019-12-23 22:17:37Z] - INFO - Форматируем xml-файл SFF017102803_720320191219_288000021901062834_700.xml
[2019-12-23 22:17:38Z] - INFO - Снимаем подпись с файла SFF017102803_720320191219_288000021901062835_700.xml
[2019-12-23 22:17:38Z] - INFO - Выполнение операции "Удаление файла" над целевым объектом "D:\SKAD\311Kvit\tmp\SFF017102803_720320191219_288000021901062835_700.xml".

[2019-12-23 22:17:38Z] - INFO - Выполнение операции "Переименование файла" над целевым объектом "Элемент: D:\SKAD\311Kvit\tmp\SFF017102803_720320191219_288000021901062835_700.xml.test Назначение: D:\SKAD\311Kvit\tmp\SFF01710
2803_720320191219_288000021901062835_700.xml".

[2019-12-23 22:17:38Z] - INFO - Форматируем xml-файл SFF017102803_720320191219_288000021901062835_700.xml
[2019-12-23 22:17:39Z] - INFO - Снимаем подпись с файла SFF017102803_720320191219_288000021901062845_700.xml
[2019-12-23 22:17:39Z] - INFO - Выполнение операции "Удаление файла" над целевым объектом "D:\SKAD\311Kvit\tmp\SFF017102803_720320191219_288000021901062845_700.xml".

[2019-12-23 22:17:39Z] - INFO - Выполнение операции "Переименование файла" над целевым объектом "Элемент: D:\SKAD\311Kvit\tmp\SFF017102803_720320191219_288000021901062845_700.xml.test Назначение: D:\SKAD\311Kvit\tmp\SFF01710
2803_720320191219_288000021901062845_700.xml".

[2019-12-23 22:17:39Z] - INFO - Форматируем xml-файл SFF017102803_720320191219_288000021901062845_700.xml
[2019-12-23 22:17:40Z] - INFO - Снимаем подпись с файла SFF017102803_720320191219_288000021901062850_700.xml
[2019-12-23 22:17:41Z] - INFO - Выполнение операции "Удаление файла" над целевым объектом "D:\SKAD\311Kvit\tmp\SFF017102803_720320191219_288000021901062850_700.xml".

[2019-12-23 22:17:41Z] - INFO - Выполнение операции "Переименование файла" над целевым объектом "Элемент: D:\SKAD\311Kvit\tmp\SFF017102803_720320191219_288000021901062850_700.xml.test Назначение: D:\SKAD\311Kvit\tmp\SFF01710
2803_720320191219_288000021901062850_700.xml".

[2019-12-23 22:17:41Z] - INFO - Форматируем xml-файл SFF017102803_720320191219_288000021901062850_700.xml
[2019-12-23 22:17:42Z] - INFO - Снимаем подпись с файла SFF017102803_720320191219_288000021901062855_700.xml
[2019-12-23 22:17:42Z] - INFO - Выполнение операции "Удаление файла" над целевым объектом "D:\SKAD\311Kvit\tmp\SFF017102803_720320191219_288000021901062855_700.xml".

[2019-12-23 22:17:42Z] - INFO - Выполнение операции "Переименование файла" над целевым объектом "Элемент: D:\SKAD\311Kvit\tmp\SFF017102803_720320191219_288000021901062855_700.xml.test Назначение: D:\SKAD\311Kvit\tmp\SFF01710
2803_720320191219_288000021901062855_700.xml".

[2019-12-23 22:17:42Z] - INFO - Форматируем xml-файл SFF017102803_720320191219_288000021901062855_700.xml
[2019-12-23 22:17:43Z] - INFO - Снимаем подпись с файла SFF017102803_720320191219_288000021901062856_700.xml
[2019-12-23 22:17:43Z] - INFO - Выполнение операции "Удаление файла" над целевым объектом "D:\SKAD\311Kvit\tmp\SFF017102803_720320191219_288000021901062856_700.xml".

[2019-12-23 22:17:43Z] - INFO - Выполнение операции "Переименование файла" над целевым объектом "Элемент: D:\SKAD\311Kvit\tmp\SFF017102803_720320191219_288000021901062856_700.xml.test Назначение: D:\SKAD\311Kvit\tmp\SFF01710
2803_720320191219_288000021901062856_700.xml".

[2019-12-23 22:17:43Z] - INFO - Форматируем xml-файл SFF017102803_720320191219_288000021901062856_700.xml
[2019-12-23 22:17:43Z] - INFO - Выполнение операции "Копирование файла" над целевым объектом "Элемент: D:\SKAD\311Kvit\tmp\SFF017102803_720320191219_288000021900091411_700.XML Назначение: D:\SKAD\311Kvit\temp\311p\Arhive\231
22019\KVIT\SFF017102803_720320191219_288000021900091411_700.XML".
Выполнение операции "Копирование файла" над целевым объектом "Элемент: D:\SKAD\311Kvit\tmp\SFF017102803_720320191219_288000021900091412_700.XML Назначение: D:\SKAD\311Kvit\temp\311p\Arhive\231
22019\KVIT\SFF017102803_720320191219_288000021900091412_700.XML".
Выполнение операции "Копирование файла" над целевым объектом "Элемент: D:\SKAD\311Kvit\tmp\SFF017102803_720320191219_288000021901062833_700.xml Назначение: D:\SKAD\311Kvit\temp\311p\Arhive\231
22019\KVIT\SFF017102803_720320191219_288000021901062833_700.xml".
Выполнение операции "Копирование файла" над целевым объектом "Элемент: D:\SKAD\311Kvit\tmp\SFF017102803_720320191219_288000021901062834_700.xml Назначение: D:\SKAD\311Kvit\temp\311p\Arhive\231
22019\KVIT\SFF017102803_720320191219_288000021901062834_700.xml".
Выполнение операции "Копирование файла" над целевым объектом "Элемент: D:\SKAD\311Kvit\tmp\SFF017102803_720320191219_288000021901062835_700.xml Назначение: D:\SKAD\311Kvit\temp\311p\Arhive\231
22019\KVIT\SFF017102803_720320191219_288000021901062835_700.xml".
Выполнение операции "Копирование файла" над целевым объектом "Элемент: D:\SKAD\311Kvit\tmp\SFF017102803_720320191219_288000021901062845_700.xml Назначение: D:\SKAD\311Kvit\temp\311p\Arhive\231
22019\KVIT\SFF017102803_720320191219_288000021901062845_700.xml".
Выполнение операции "Копирование файла" над целевым объектом "Элемент: D:\SKAD\311Kvit\tmp\SFF017102803_720320191219_288000021901062850_700.xml Назначение: D:\SKAD\311Kvit\temp\311p\Arhive\231
22019\KVIT\SFF017102803_720320191219_288000021901062850_700.xml".
Выполнение операции "Копирование файла" над целевым объектом "Элемент: D:\SKAD\311Kvit\tmp\SFF017102803_720320191219_288000021901062855_700.xml Назначение: D:\SKAD\311Kvit\temp\311p\Arhive\231
22019\KVIT\SFF017102803_720320191219_288000021901062855_700.xml".
Выполнение операции "Копирование файла" над целевым объектом "Элемент: D:\SKAD\311Kvit\tmp\SFF017102803_720320191219_288000021901062856_700.xml Назначение: D:\SKAD\311Kvit\temp\311p\Arhive\231
22019\KVIT\SFF017102803_720320191219_288000021901062856_700.xml".

[2019-12-23 22:17:43Z] - INFO - Выполнение операции "Перемещение файла" над целевым объектом "Элемент: D:\SKAD\311Kvit\tmp\SFF017102803_720320191219_288000021900091411_700.XML Назначение: D:\SKAD\311Kvit\temp\311pMsk\2312201
9\SFF017102803_720320191219_288000021900091411_700.XML".
Выполнение операции "Перемещение файла" над целевым объектом "Элемент: D:\SKAD\311Kvit\tmp\SFF017102803_720320191219_288000021900091412_700.XML Назначение: D:\SKAD\311Kvit\temp\311pMsk\2312201
9\SFF017102803_720320191219_288000021900091412_700.XML".
Выполнение операции "Перемещение файла" над целевым объектом "Элемент: D:\SKAD\311Kvit\tmp\SFF017102803_720320191219_288000021901062833_700.xml Назначение: D:\SKAD\311Kvit\temp\311pMsk\2312201
9\SFF017102803_720320191219_288000021901062833_700.xml".
Выполнение операции "Перемещение файла" над целевым объектом "Элемент: D:\SKAD\311Kvit\tmp\SFF017102803_720320191219_288000021901062834_700.xml Назначение: D:\SKAD\311Kvit\temp\311pMsk\2312201
9\SFF017102803_720320191219_288000021901062834_700.xml".
Выполнение операции "Перемещение файла" над целевым объектом "Элемент: D:\SKAD\311Kvit\tmp\SFF017102803_720320191219_288000021901062835_700.xml Назначение: D:\SKAD\311Kvit\temp\311pMsk\2312201
9\SFF017102803_720320191219_288000021901062835_700.xml".
Выполнение операции "Перемещение файла" над целевым объектом "Элемент: D:\SKAD\311Kvit\tmp\SFF017102803_720320191219_288000021901062845_700.xml Назначение: D:\SKAD\311Kvit\temp\311pMsk\2312201
9\SFF017102803_720320191219_288000021901062845_700.xml".
Выполнение операции "Перемещение файла" над целевым объектом "Элемент: D:\SKAD\311Kvit\tmp\SFF017102803_720320191219_288000021901062850_700.xml Назначение: D:\SKAD\311Kvit\temp\311pMsk\2312201
9\SFF017102803_720320191219_288000021901062850_700.xml".
Выполнение операции "Перемещение файла" над целевым объектом "Элемент: D:\SKAD\311Kvit\tmp\SFF017102803_720320191219_288000021901062855_700.xml Назначение: D:\SKAD\311Kvit\temp\311pMsk\2312201
9\SFF017102803_720320191219_288000021901062855_700.xml".
Выполнение операции "Перемещение файла" над целевым объектом "Элемент: D:\SKAD\311Kvit\tmp\SFF017102803_720320191219_288000021901062856_700.xml Назначение: D:\SKAD\311Kvit\temp\311pMsk\2312201
9\SFF017102803_720320191219_288000021901062856_700.xml".

[2019-12-23 22:17:43Z] - INFO - Выполнение операции "Перемещение файла" над целевым объектом "Элемент: D:\SKAD\311Kvit\temp\OUT\NN028031912200002.arj Назначение: D:\SKAD\311Kvit\temp\311p\Arhive\23122019\NN028031912200002.ar
j".

[2019-12-23 22:17:43Z] - INFO - Разархивация файла NN028031912200003.arj
[2019-12-23 22:17:45Z] - INFO - Снимаем подпись с файла SFF217102803_720320191219_288000021900091414_700.XML
[2019-12-23 22:17:45Z] - INFO - Выполнение операции "Удаление файла" над целевым объектом "D:\SKAD\311Kvit\tmp\SFF217102803_720320191219_288000021900091414_700.XML".

[2019-12-23 22:17:45Z] - INFO - Выполнение операции "Переименование файла" над целевым объектом "Элемент: D:\SKAD\311Kvit\tmp\SFF217102803_720320191219_288000021900091414_700.XML.test Назначение: D:\SKAD\311Kvit\tmp\SFF21710
2803_720320191219_288000021900091414_700.XML".

[2019-12-23 22:17:45Z] - INFO - Форматируем xml-файл SFF217102803_720320191219_288000021900091414_700.XML
[2019-12-23 22:17:45Z] - INFO - Выполнение операции "Копирование файла" над целевым объектом "Элемент: D:\SKAD\311Kvit\tmp\SFF217102803_720320191219_288000021900091414_700.XML Назначение: D:\SKAD\311Kvit\temp\311p\Arhive\231
22019\KVIT\SFF217102803_720320191219_288000021900091414_700.XML".

[2019-12-23 22:17:45Z] - INFO - Выполнение операции "Перемещение файла" над целевым объектом "Элемент: D:\SKAD\311Kvit\tmp\SFF217102803_720320191219_288000021900091414_700.XML Назначение: D:\SKAD\311Kvit\temp\311pMsk\2312201
9\SFF217102803_720320191219_288000021900091414_700.XML".

[2019-12-23 22:17:45Z] - INFO - Выполнение операции "Перемещение файла" над целевым объектом "Элемент: D:\SKAD\311Kvit\temp\OUT\NN028031912200003.arj Назначение: D:\SKAD\311Kvit\temp\311p\Arhive\23122019\NN028031912200003.ar
j".

[2019-12-23 22:17:45Z] - INFO - Загружаем исходную ключевую дискету
[2019-12-23 22:17:45Z] - INFO - Завершение обработки...
[2019-12-23 22:57:24Z] - INFO - Начинаем обработку...
[2019-12-23 22:57:24Z] - INFO - Сохраняем текущею ключевую дискету
[2019-12-23 22:57:24Z] - INFO - Загружаем ключевую дискету d:\SKAD\Floppy\foiv
[2019-12-23 22:57:25Z] - INFO - Разархивация файла ON028031912160002.arj
[2019-12-23 22:57:27Z] - INFO - Снимаем подпись с файла SBF217102803_720320191216_288000021900000523_100.XML
[2019-12-23 22:57:27Z] - INFO - Выполнение операции "Удаление файла" над целевым объектом "D:\SKAD\311Kvit\tmp\SBF217102803_720320191216_288000021900000523_100.XML".

[2019-12-23 22:57:27Z] - INFO - Выполнение операции "Переименование файла" над целевым объектом "Элемент: D:\SKAD\311Kvit\tmp\SBF217102803_720320191216_288000021900000523_100.XML.test Назначение: D:\SKAD\311Kvit\tmp\SBF21710
2803_720320191216_288000021900000523_100.XML".

[2019-12-23 22:57:27Z] - INFO - Форматируем xml-файл SBF217102803_720320191216_288000021900000523_100.XML
[2019-12-23 22:57:49Z] - INFO - Начинаем обработку...
[2019-12-23 22:57:49Z] - INFO - Сохраняем текущею ключевую дискету
[2019-12-23 22:57:49Z] - INFO - Загружаем ключевую дискету d:\SKAD\Floppy\foiv
[2019-12-23 22:59:21Z] - INFO - Начинаем обработку...
[2019-12-23 22:59:21Z] - INFO - Сохраняем текущею ключевую дискету
[2019-12-23 22:59:22Z] - INFO - Загружаем ключевую дискету d:\SKAD\Floppy\foiv
[2019-12-23 23:01:15Z] - INFO - Начинаем обработку...
[2019-12-23 23:01:15Z] - INFO - Сохраняем текущею ключевую дискету
[2019-12-23 23:01:15Z] - INFO - Загружаем ключевую дискету d:\SKAD\Floppy\foiv
[2019-12-23 23:01:55Z] - INFO - Начинаем обработку...
[2019-12-23 23:01:55Z] - INFO - Сохраняем текущею ключевую дискету
[2019-12-23 23:01:55Z] - INFO - Загружаем ключевую дискету d:\SKAD\Floppy\foiv
[2019-12-23 23:02:49Z] - INFO - Начинаем обработку...
[2019-12-23 23:02:49Z] - INFO - Сохраняем текущею ключевую дискету
[2019-12-23 23:02:49Z] - INFO - Загружаем ключевую дискету d:\SKAD\Floppy\foiv
[2019-12-23 23:03:36Z] - INFO - Начинаем обработку...
[2019-12-23 23:03:36Z] - INFO - Сохраняем текущею ключевую дискету
[2019-12-23 23:03:36Z] - INFO - Загружаем ключевую дискету d:\SKAD\Floppy\foiv
[2019-12-23 23:04:02Z] - INFO - Разархивация файла ON028031912160002.arj
[2019-12-23 23:04:04Z] - INFO - Снимаем подпись с файла SBF217102803_720320191216_288000021900000523_100.XML
[2019-12-23 23:04:04Z] - INFO - Выполнение операции "Удаление файла" над целевым объектом "D:\SKAD\311Kvit\tmp\SBF217102803_720320191216_288000021900000523_100.XML".

[2019-12-23 23:04:05Z] - INFO - Выполнение операции "Переименование файла" над целевым объектом "Элемент: D:\SKAD\311Kvit\tmp\SBF217102803_720320191216_288000021900000523_100.XML.test Назначение: D:\SKAD\311Kvit\tmp\S
BF217102803_720320191216_288000021900000523_100.XML".

[2019-12-23 23:04:05Z] - INFO - Форматируем xml-файл SBF217102803_720320191216_288000021900000523_100.XML
[2019-12-23 23:04:40Z] - INFO - Снимаем подпись с файла SBF217102803_720320191216_288000021900000524_100.XML
[2019-12-23 23:04:40Z] - INFO - Выполнение операции "Удаление файла" над целевым объектом "D:\SKAD\311Kvit\tmp\SBF217102803_720320191216_288000021900000524_100.XML".

[2019-12-23 23:04:40Z] - INFO - Выполнение операции "Переименование файла" над целевым объектом "Элемент: D:\SKAD\311Kvit\tmp\SBF217102803_720320191216_288000021900000524_100.XML.test Назначение: D:\SKAD\311Kvit\tmp\S
BF217102803_720320191216_288000021900000524_100.XML".

[2019-12-23 23:04:40Z] - INFO - Форматируем xml-файл SBF217102803_720320191216_288000021900000524_100.XML
[2019-12-23 23:04:48Z] - INFO - Снимаем подпись с файла SBF217102803_720320191216_288000021900000525_100.XML
[2019-12-23 23:04:48Z] - INFO - Выполнение операции "Удаление файла" над целевым объектом "D:\SKAD\311Kvit\tmp\SBF217102803_720320191216_288000021900000525_100.XML".

[2019-12-23 23:04:48Z] - INFO - Выполнение операции "Переименование файла" над целевым объектом "Элемент: D:\SKAD\311Kvit\tmp\SBF217102803_720320191216_288000021900000525_100.XML.test Назначение: D:\SKAD\311Kvit\tmp\S
BF217102803_720320191216_288000021900000525_100.XML".

[2019-12-23 23:04:48Z] - INFO - Форматируем xml-файл SBF217102803_720320191216_288000021900000525_100.XML
[2019-12-23 23:08:13Z] - INFO - Выполнение операции "Перемещение файла" над целевым объектом "Элемент: D:\SKAD\311Kvit\temp\OUT\ON028031912160002.arj Назначение: D:\SKAD\311Kvit\temp\311jur\Arhive\23122019\ON028031912
160002.arj".

[2019-12-23 23:08:13Z] - INFO - Загружаем исходную ключевую дискету
[2019-12-23 23:08:13Z] - INFO - Завершение обработки...
[2019-12-23 23:15:10Z] - INFO - Начинаем обработку...
[2019-12-23 23:15:10Z] - INFO - Сохраняем текущею ключевую дискету
[2019-12-23 23:15:10Z] - INFO - Загружаем ключевую дискету d:\SKAD\Floppy\foiv
[2019-12-23 23:15:15Z] - INFO - Разархивация файла ON028031912160002.arj
[2019-12-23 23:15:17Z] - INFO - Снимаем подпись с файла SBF217102803_720320191216_288000021900000523_100.XML
[2019-12-23 23:15:17Z] - INFO - Выполнение операции "Удаление файла" над целевым объектом "D:\SKAD\311Kvit\tmp\SBF217102803_720320191216_288000021900000523_100.XML".

[2019-12-23 23:15:17Z] - INFO - Выполнение операции "Переименование файла" над целевым объектом "Элемент: D:\SKAD\311Kvit\tmp\SBF217102803_720320191216_288000021900000523_100.XML.test Назначение: D:\SKAD\311Kvit\tmp\S
BF217102803_720320191216_288000021900000523_100.XML".

[2019-12-23 23:15:17Z] - INFO - Форматируем xml-файл SBF217102803_720320191216_288000021900000523_100.XML
[2019-12-23 23:29:36Z] - INFO - Начинаем обработку...
[2019-12-23 23:29:36Z] - INFO - Сохраняем текущею ключевую дискету
[2019-12-23 23:29:36Z] - INFO - Загружаем ключевую дискету d:\SKAD\Floppy\foiv
[2019-12-23 23:29:36Z] - INFO - Разархивация файла ON028031912160002.arj
[2019-12-23 23:29:38Z] - INFO - Снимаем подпись с файла SBF217102803_720320191216_288000021900000523_100.XML
[2019-12-23 23:29:38Z] - INFO - Выполнение операции "Удаление файла" над целевым объектом "D:\SKAD\311Kvit\tmp\SBF217102803_720320191216_288000021900000523_100.XML".

[2019-12-23 23:29:38Z] - INFO - Выполнение операции "Переименование файла" над целевым объектом "Элемент: D:\SKAD\311Kvit\tmp\SBF217102803_720320191216_288000021900000523_100.XML.test Назначение: D:\SKAD\311Kvit\tmp\S
BF217102803_720320191216_288000021900000523_100.XML".

[2019-12-23 23:29:38Z] - INFO - Форматируем xml-файл SBF217102803_720320191216_288000021900000523_100.XML
[2019-12-23 23:29:48Z] - INFO - Снимаем подпись с файла SBF217102803_720320191216_288000021900000524_100.XML
[2019-12-23 23:29:48Z] - INFO - Выполнение операции "Удаление файла" над целевым объектом "D:\SKAD\311Kvit\tmp\SBF217102803_720320191216_288000021900000524_100.XML".

[2019-12-23 23:29:48Z] - INFO - Выполнение операции "Переименование файла" над целевым объектом "Элемент: D:\SKAD\311Kvit\tmp\SBF217102803_720320191216_288000021900000524_100.XML.test Назначение: D:\SKAD\311Kvit\tmp\S
BF217102803_720320191216_288000021900000524_100.XML".

[2019-12-23 23:29:48Z] - INFO - Форматируем xml-файл SBF217102803_720320191216_288000021900000524_100.XML
[2019-12-23 23:29:49Z] - INFO - Снимаем подпись с файла SBF217102803_720320191216_288000021900000525_100.XML
[2019-12-23 23:29:49Z] - INFO - Выполнение операции "Удаление файла" над целевым объектом "D:\SKAD\311Kvit\tmp\SBF217102803_720320191216_288000021900000525_100.XML".

[2019-12-23 23:29:49Z] - INFO - Выполнение операции "Переименование файла" над целевым объектом "Элемент: D:\SKAD\311Kvit\tmp\SBF217102803_720320191216_288000021900000525_100.XML.test Назначение: D:\SKAD\311Kvit\tmp\S
BF217102803_720320191216_288000021900000525_100.XML".

[2019-12-23 23:29:49Z] - INFO - Форматируем xml-файл SBF217102803_720320191216_288000021900000525_100.XML
[2019-12-23 23:31:10Z] - INFO - Начинаем обработку...
[2019-12-23 23:31:10Z] - INFO - Сохраняем текущею ключевую дискету
[2019-12-23 23:31:10Z] - INFO - Загружаем ключевую дискету d:\SKAD\Floppy\foiv
[2019-12-23 23:31:11Z] - INFO - Разархивация файла ON028031912160002.arj
[2019-12-23 23:31:13Z] - INFO - Снимаем подпись с файла SBF217102803_720320191216_288000021900000523_100.XML
[2019-12-23 23:31:13Z] - INFO - Выполнение операции "Удаление файла" над целевым объектом "D:\SKAD\311Kvit\tmp\SBF217102803_720320191216_288000021900000523_100.XML".

[2019-12-23 23:31:13Z] - INFO - Выполнение операции "Переименование файла" над целевым объектом "Элемент: D:\SKAD\311Kvit\tmp\SBF217102803_720320191216_288000021900000523_100.XML.test Назначение: D:\SKAD\311Kvit\tmp\S
BF217102803_720320191216_288000021900000523_100.XML".

[2019-12-23 23:31:13Z] - INFO - Форматируем xml-файл SBF217102803_720320191216_288000021900000523_100.XML
[2019-12-23 23:31:57Z] - INFO - Начинаем обработку...
[2019-12-23 23:31:57Z] - INFO - Сохраняем текущею ключевую дискету
[2019-12-23 23:31:57Z] - INFO - Загружаем ключевую дискету d:\SKAD\Floppy\foiv
[2019-12-23 23:31:57Z] - INFO - Разархивация файла ON028031912160002.arj
[2019-12-23 23:31:59Z] - INFO - Снимаем подпись с файла SBF217102803_720320191216_288000021900000523_100.XML
[2019-12-23 23:31:59Z] - INFO - Выполнение операции "Удаление файла" над целевым объектом "D:\SKAD\311Kvit\tmp\SBF217102803_720320191216_288000021900000523_100.XML".

[2019-12-23 23:31:59Z] - INFO - Выполнение операции "Переименование файла" над целевым объектом "Элемент: D:\SKAD\311Kvit\tmp\SBF217102803_720320191216_288000021900000523_100.XML.test Назначение: D:\SKAD\311Kvit\tmp\S
BF217102803_720320191216_288000021900000523_100.XML".

[2019-12-23 23:31:59Z] - INFO - Форматируем xml-файл SBF217102803_720320191216_288000021900000523_100.XML
[2019-12-23 23:32:10Z] - INFO - Снимаем подпись с файла SBF217102803_720320191216_288000021900000524_100.XML
[2019-12-23 23:32:10Z] - INFO - Выполнение операции "Удаление файла" над целевым объектом "D:\SKAD\311Kvit\tmp\SBF217102803_720320191216_288000021900000524_100.XML".

[2019-12-23 23:32:10Z] - INFO - Выполнение операции "Переименование файла" над целевым объектом "Элемент: D:\SKAD\311Kvit\tmp\SBF217102803_720320191216_288000021900000524_100.XML.test Назначение: D:\SKAD\311Kvit\tmp\S
BF217102803_720320191216_288000021900000524_100.XML".

[2019-12-23 23:32:10Z] - INFO - Форматируем xml-файл SBF217102803_720320191216_288000021900000524_100.XML
[2019-12-23 23:32:29Z] - INFO - Снимаем подпись с файла SBF217102803_720320191216_288000021900000525_100.XML
[2019-12-23 23:32:29Z] - INFO - Выполнение операции "Удаление файла" над целевым объектом "D:\SKAD\311Kvit\tmp\SBF217102803_720320191216_288000021900000525_100.XML".

[2019-12-23 23:32:29Z] - INFO - Выполнение операции "Переименование файла" над целевым объектом "Элемент: D:\SKAD\311Kvit\tmp\SBF217102803_720320191216_288000021900000525_100.XML.test Назначение: D:\SKAD\311Kvit\tmp\S
BF217102803_720320191216_288000021900000525_100.XML".

[2019-12-23 23:32:29Z] - INFO - Форматируем xml-файл SBF217102803_720320191216_288000021900000525_100.XML
[2019-12-23 23:33:03Z] - INFO - Выполнение операции "Перемещение файла" над целевым объектом "Элемент: D:\SKAD\311Kvit\temp\OUT\ON028031912160002.arj Назначение: D:\SKAD\311Kvit\temp\311jur\Arhive\23122019\ON028031912
160002.arj".

[2019-12-23 23:33:03Z] - INFO - Загружаем исходную ключевую дискету
[2019-12-23 23:33:03Z] - INFO - Завершение обработки...
[2019-12-23 23:34:05Z] - INFO - Начинаем обработку...
[2019-12-23 23:34:05Z] - INFO - Сохраняем текущею ключевую дискету
[2019-12-23 23:34:06Z] - INFO - Загружаем ключевую дискету d:\SKAD\Floppy\foiv
[2019-12-23 23:34:06Z] - INFO - Разархивация файла S0280319121801.arj
[2019-12-23 23:34:08Z] - INFO - Снимаем подпись с файла SBR217102803_720320191211_288000021900000519_200.XML
[2019-12-23 23:34:08Z] - INFO - Выполнение операции "Удаление файла" над целевым объектом "D:\SKAD\311Kvit\tmp\SBR217102803_720320191211_288000021900000519_200.XML".

[2019-12-23 23:34:08Z] - INFO - Выполнение операции "Переименование файла" над целевым объектом "Элемент: D:\SKAD\311Kvit\tmp\SBR217102803_720320191211_288000021900000519_200.XML.test Назначение: D:\SKAD\311Kvit\tmp\S
BR217102803_720320191211_288000021900000519_200.XML".

[2019-12-23 23:34:08Z] - INFO - Форматируем xml-файл SBR217102803_720320191211_288000021900000519_200.XML
[2019-12-23 23:36:15Z] - INFO - Начинаем обработку...
[2019-12-23 23:36:15Z] - INFO - Сохраняем текущею ключевую дискету
[2019-12-23 23:36:15Z] - INFO - Загружаем ключевую дискету d:\SKAD\Floppy\foiv
[2019-12-23 23:36:15Z] - INFO - Разархивация файла S0280319121801.arj
[2019-12-23 23:36:17Z] - INFO - Снимаем подпись с файла SBR217102803_720320191211_288000021900000519_200.XML
[2019-12-23 23:36:17Z] - INFO - Выполнение операции "Удаление файла" над целевым объектом "D:\SKAD\311Kvit\tmp\SBR217102803_720320191211_288000021900000519_200.XML".

[2019-12-23 23:36:17Z] - INFO - Выполнение операции "Переименование файла" над целевым объектом "Элемент: D:\SKAD\311Kvit\tmp\SBR217102803_720320191211_288000021900000519_200.XML.test Назначение: D:\SKAD\311Kvit\tmp\S
BR217102803_720320191211_288000021900000519_200.XML".

[2019-12-23 23:36:17Z] - INFO - Форматируем xml-файл SBR217102803_720320191211_288000021900000519_200.XML
[2019-12-23 23:37:42Z] - INFO - Снимаем подпись с файла SBR217102803_720320191211_288000021900000520_100.XML
[2019-12-23 23:37:42Z] - INFO - Выполнение операции "Удаление файла" над целевым объектом "D:\SKAD\311Kvit\tmp\SBR217102803_720320191211_288000021900000520_100.XML".

[2019-12-23 23:37:42Z] - INFO - Выполнение операции "Переименование файла" над целевым объектом "Элемент: D:\SKAD\311Kvit\tmp\SBR217102803_720320191211_288000021900000520_100.XML.test Назначение: D:\SKAD\311Kvit\tmp\S
BR217102803_720320191211_288000021900000520_100.XML".

[2019-12-23 23:37:42Z] - INFO - Форматируем xml-файл SBR217102803_720320191211_288000021900000520_100.XML
[2019-12-23 23:37:46Z] - INFO - Снимаем подпись с файла SBR217102803_720320191211_288000021900000521_100.XML
[2019-12-23 23:37:46Z] - INFO - Выполнение операции "Удаление файла" над целевым объектом "D:\SKAD\311Kvit\tmp\SBR217102803_720320191211_288000021900000521_100.XML".

[2019-12-23 23:37:46Z] - INFO - Выполнение операции "Переименование файла" над целевым объектом "Элемент: D:\SKAD\311Kvit\tmp\SBR217102803_720320191211_288000021900000521_100.XML.test Назначение: D:\SKAD\311Kvit\tmp\S
BR217102803_720320191211_288000021900000521_100.XML".

[2019-12-23 23:37:46Z] - INFO - Форматируем xml-файл SBR217102803_720320191211_288000021900000521_100.XML
[2019-12-23 23:48:19Z] - INFO - Начинаем обработку...
[2019-12-23 23:48:19Z] - INFO - Сохраняем текущею ключевую дискету
[2019-12-23 23:48:19Z] - INFO - Загружаем ключевую дискету d:\SKAD\Floppy\foiv
[2019-12-23 23:48:19Z] - INFO - Разархивация файла S0280319121801.arj
[2019-12-23 23:48:21Z] - INFO - Снимаем подпись с файла SBR217102803_720320191211_288000021900000519_200.XML
[2019-12-23 23:48:21Z] - INFO - Выполнение операции "Удаление файла" над целевым объектом "D:\SKAD\311Kvit\tmp\SBR217102803_720320191211_288000021900000519_200.XML".

[2019-12-23 23:48:21Z] - INFO - Выполнение операции "Переименование файла" над целевым объектом "Элемент: D:\SKAD\311Kvit\tmp\SBR217102803_720320191211_288000021900000519_200.XML.test Назначение: D:\SKAD\311Kvit\tmp\S
BR217102803_720320191211_288000021900000519_200.XML".

[2019-12-23 23:48:21Z] - INFO - Форматируем xml-файл SBR217102803_720320191211_288000021900000519_200.XML
[2019-12-23 23:48:22Z] - INFO - Снимаем подпись с файла SBR217102803_720320191211_288000021900000520_100.XML
[2019-12-23 23:48:22Z] - INFO - Выполнение операции "Удаление файла" над целевым объектом "D:\SKAD\311Kvit\tmp\SBR217102803_720320191211_288000021900000520_100.XML".

[2019-12-23 23:48:22Z] - INFO - Выполнение операции "Переименование файла" над целевым объектом "Элемент: D:\SKAD\311Kvit\tmp\SBR217102803_720320191211_288000021900000520_100.XML.test Назначение: D:\SKAD\311Kvit\tmp\S
BR217102803_720320191211_288000021900000520_100.XML".

[2019-12-23 23:48:23Z] - INFO - Форматируем xml-файл SBR217102803_720320191211_288000021900000520_100.XML
[2019-12-23 23:48:24Z] - INFO - Снимаем подпись с файла SBR217102803_720320191211_288000021900000521_100.XML
[2019-12-23 23:48:24Z] - INFO - Выполнение операции "Удаление файла" над целевым объектом "D:\SKAD\311Kvit\tmp\SBR217102803_720320191211_288000021900000521_100.XML".

[2019-12-23 23:48:24Z] - INFO - Выполнение операции "Переименование файла" над целевым объектом "Элемент: D:\SKAD\311Kvit\tmp\SBR217102803_720320191211_288000021900000521_100.XML.test Назначение: D:\SKAD\311Kvit\tmp\S
BR217102803_720320191211_288000021900000521_100.XML".

[2019-12-23 23:48:24Z] - INFO - Форматируем xml-файл SBR217102803_720320191211_288000021900000521_100.XML
[2019-12-23 23:50:08Z] - INFO - Начинаем обработку...
[2019-12-23 23:50:08Z] - INFO - Сохраняем текущею ключевую дискету
[2019-12-23 23:50:08Z] - INFO - Загружаем ключевую дискету d:\SKAD\Floppy\foiv
[2019-12-23 23:50:08Z] - INFO - Разархивация файла S0280319121801.arj
[2019-12-23 23:50:10Z] - INFO - Снимаем подпись с файла SBR217102803_720320191211_288000021900000519_200.XML
[2019-12-23 23:50:10Z] - INFO - Выполнение операции "Удаление файла" над целевым объектом "D:\SKAD\311Kvit\tmp\SBR217102803_720320191211_288000021900000519_200.XML".

[2019-12-23 23:50:10Z] - INFO - Выполнение операции "Переименование файла" над целевым объектом "Элемент: D:\SKAD\311Kvit\tmp\SBR217102803_720320191211_288000021900000519_200.XML.test Назначение: D:\SKAD\311Kvit\tmp\S
BR217102803_720320191211_288000021900000519_200.XML".

[2019-12-23 23:50:10Z] - INFO - Форматируем xml-файл SBR217102803_720320191211_288000021900000519_200.XML
[2019-12-23 23:50:11Z] - INFO - Снимаем подпись с файла SBR217102803_720320191211_288000021900000520_100.XML
[2019-12-23 23:50:11Z] - INFO - Выполнение операции "Удаление файла" над целевым объектом "D:\SKAD\311Kvit\tmp\SBR217102803_720320191211_288000021900000520_100.XML".

[2019-12-23 23:50:11Z] - INFO - Выполнение операции "Переименование файла" над целевым объектом "Элемент: D:\SKAD\311Kvit\tmp\SBR217102803_720320191211_288000021900000520_100.XML.test Назначение: D:\SKAD\311Kvit\tmp\S
BR217102803_720320191211_288000021900000520_100.XML".

[2019-12-23 23:50:11Z] - INFO - Форматируем xml-файл SBR217102803_720320191211_288000021900000520_100.XML
[2019-12-23 23:50:12Z] - INFO - Снимаем подпись с файла SBR217102803_720320191211_288000021900000521_100.XML
[2019-12-23 23:50:13Z] - INFO - Выполнение операции "Удаление файла" над целевым объектом "D:\SKAD\311Kvit\tmp\SBR217102803_720320191211_288000021900000521_100.XML".

[2019-12-23 23:50:13Z] - INFO - Выполнение операции "Переименование файла" над целевым объектом "Элемент: D:\SKAD\311Kvit\tmp\SBR217102803_720320191211_288000021900000521_100.XML.test Назначение: D:\SKAD\311Kvit\tmp\S
BR217102803_720320191211_288000021900000521_100.XML".

[2019-12-23 23:50:13Z] - INFO - Форматируем xml-файл SBR217102803_720320191211_288000021900000521_100.XML
[2019-12-23 23:50:42Z] - INFO - Выполнение операции "Перемещение файла" над целевым объектом "Элемент: D:\SKAD\311Kvit\tmp\SBR217102803_720320191211_288000021900000519_200.XML Назначение: D:\SKAD\311Kvit\temp\311jur\A
rhive\23122019\KVITERR\SBR217102803_720320191211_288000021900000519_200.XML".
Выполнение операции "Перемещение файла" над целевым объектом "Элемент: D:\SKAD\311Kvit\tmp\SBR217102803_720320191211_288000021900000520_100.XML Назначение: D:\SKAD\311Kvit\temp\311jur\A
rhive\23122019\KVITERR\SBR217102803_720320191211_288000021900000520_100.XML".
Выполнение операции "Перемещение файла" над целевым объектом "Элемент: D:\SKAD\311Kvit\tmp\SBR217102803_720320191211_288000021900000521_100.XML Назначение: D:\SKAD\311Kvit\temp\311jur\A
rhive\23122019\KVITERR\SBR217102803_720320191211_288000021900000521_100.XML".

[2019-12-23 23:51:12Z] - INFO - Выполнение операции "Перемещение файла" над целевым объектом "Элемент: D:\SKAD\311Kvit\temp\OUT\S0280319121801.arj Назначение: D:\SKAD\311Kvit\temp\311jur\Arhive\23122019\S0280319121801
.arj".

[2019-12-23 23:51:12Z] - INFO - Загружаем исходную ключевую дискету
[2019-12-23 23:51:12Z] - INFO - Завершение обработки...
[2019-12-23 23:52:41Z] - INFO - Начинаем обработку...
[2019-12-23 23:52:41Z] - INFO - Сохраняем текущею ключевую дискету
[2019-12-23 23:52:41Z] - INFO - Загружаем ключевую дискету d:\SKAD\Floppy\foiv
[2019-12-23 23:52:41Z] - INFO - Разархивация файла ON028031912160002.arj
[2019-12-23 23:52:43Z] - INFO - Снимаем подпись с файла SBF217102803_720320191216_288000021900000523_100.XML
[2019-12-23 23:52:43Z] - INFO - Выполнение операции "Удаление файла" над целевым объектом "D:\SKAD\311Kvit\tmp\SBF217102803_720320191216_288000021900000523_100.XML".

[2019-12-23 23:52:43Z] - INFO - Выполнение операции "Переименование файла" над целевым объектом "Элемент: D:\SKAD\311Kvit\tmp\SBF217102803_720320191216_288000021900000523_100.XML.test Назначение: D:\SKAD\311Kvit\tmp\S
BF217102803_720320191216_288000021900000523_100.XML".

[2019-12-23 23:52:43Z] - INFO - Форматируем xml-файл SBF217102803_720320191216_288000021900000523_100.XML
[2019-12-23 23:52:44Z] - INFO - Снимаем подпись с файла SBF217102803_720320191216_288000021900000524_100.XML
[2019-12-23 23:52:44Z] - INFO - Выполнение операции "Удаление файла" над целевым объектом "D:\SKAD\311Kvit\tmp\SBF217102803_720320191216_288000021900000524_100.XML".

[2019-12-23 23:52:44Z] - INFO - Выполнение операции "Переименование файла" над целевым объектом "Элемент: D:\SKAD\311Kvit\tmp\SBF217102803_720320191216_288000021900000524_100.XML.test Назначение: D:\SKAD\311Kvit\tmp\S
BF217102803_720320191216_288000021900000524_100.XML".

[2019-12-23 23:52:44Z] - INFO - Форматируем xml-файл SBF217102803_720320191216_288000021900000524_100.XML
[2019-12-23 23:52:46Z] - INFO - Снимаем подпись с файла SBF217102803_720320191216_288000021900000525_100.XML
[2019-12-23 23:52:46Z] - INFO - Выполнение операции "Удаление файла" над целевым объектом "D:\SKAD\311Kvit\tmp\SBF217102803_720320191216_288000021900000525_100.XML".

[2019-12-23 23:52:46Z] - INFO - Выполнение операции "Переименование файла" над целевым объектом "Элемент: D:\SKAD\311Kvit\tmp\SBF217102803_720320191216_288000021900000525_100.XML.test Назначение: D:\SKAD\311Kvit\tmp\S
BF217102803_720320191216_288000021900000525_100.XML".

[2019-12-23 23:52:46Z] - INFO - Форматируем xml-файл SBF217102803_720320191216_288000021900000525_100.XML
[2019-12-23 23:52:49Z] - INFO - Выполнение операции "Перемещение файла" над целевым объектом "Элемент: D:\SKAD\311Kvit\tmp\SBF217102803_720320191216_288000021900000523_100.XML Назначение: D:\SKAD\311Kvit\temp\311jur\A
rhive\23122019\KVITERR\SBF217102803_720320191216_288000021900000523_100.XML".
Выполнение операции "Перемещение файла" над целевым объектом "Элемент: D:\SKAD\311Kvit\tmp\SBF217102803_720320191216_288000021900000524_100.XML Назначение: D:\SKAD\311Kvit\temp\311jur\A
rhive\23122019\KVITERR\SBF217102803_720320191216_288000021900000524_100.XML".
Выполнение операции "Перемещение файла" над целевым объектом "Элемент: D:\SKAD\311Kvit\tmp\SBF217102803_720320191216_288000021900000525_100.XML Назначение: D:\SKAD\311Kvit\temp\311jur\A
rhive\23122019\KVITERR\SBF217102803_720320191216_288000021900000525_100.XML".

[2019-12-23 23:52:49Z] - INFO - Выполнение операции "Перемещение файла" над целевым объектом "Элемент: D:\SKAD\311Kvit\temp\OUT\ON028031912160002.arj Назначение: D:\SKAD\311Kvit\temp\311jur\Arhive\23122019\ON028031912
160002.arj".

[2019-12-23 23:52:49Z] - INFO - Загружаем исходную ключевую дискету
[2019-12-23 23:52:49Z] - INFO - Завершение обработки...
[2019-12-23 23:55:02Z] - INFO - Начинаем обработку...
[2019-12-23 23:55:02Z] - INFO - Сохраняем текущею ключевую дискету
[2019-12-23 23:55:02Z] - INFO - Загружаем ключевую дискету d:\SKAD\Floppy\foiv
[2019-12-23 23:55:02Z] - INFO - Разархивация файла NN028031912200001.arj
[2019-12-23 23:55:04Z] - INFO - Снимаем подпись с файла SFE027102803_720320191219_288000021901056900_701.xml
[2019-12-23 23:55:04Z] - INFO - Выполнение операции "Удаление файла" над целевым объектом "D:\SKAD\311Kvit\tmp\SFE027102803_720320191219_288000021901056900_701.xml".

[2019-12-23 23:55:04Z] - INFO - Выполнение операции "Переименование файла" над целевым объектом "Элемент: D:\SKAD\311Kvit\tmp\SFE027102803_720320191219_288000021901056900_701.xml.test Назначение: D:\SKAD\311Kvit\tmp\S
FE027102803_720320191219_288000021901056900_701.xml".

[2019-12-23 23:55:04Z] - INFO - Форматируем xml-файл SFE027102803_720320191219_288000021901056900_701.xml
[2019-12-23 23:55:04Z] - INFO - Выполнение операции "Копирование файла" над целевым объектом "Элемент: D:\SKAD\311Kvit\tmp\SFE027102803_720320191219_288000021901056900_701.xml Назначение: D:\SKAD\311Kvit\temp\311p\Arh
ive\23122019\KVITERR\SFE027102803_720320191219_288000021901056900_701.xml".

[2019-12-23 23:55:04Z] - INFO - Выполнение операции "Перемещение файла" над целевым объектом "Элемент: D:\SKAD\311Kvit\tmp\SFE027102803_720320191219_288000021901056900_701.xml Назначение: D:\SKAD\311Kvit\temp\311pMsk\
23122019\SFE027102803_720320191219_288000021901056900_701.xml".

[2019-12-23 23:55:04Z] - INFO - Выполнение операции "Перемещение файла" над целевым объектом "Элемент: D:\SKAD\311Kvit\temp\OUT\NN028031912200001.arj Назначение: D:\SKAD\311Kvit\temp\311p\Arhive\23122019\NN02803191220
0001.arj".

[2019-12-23 23:55:05Z] - INFO - Разархивация файла NN028031912200002.arj
[2019-12-23 23:55:07Z] - INFO - Снимаем подпись с файла SFF017102803_720320191219_288000021900091411_700.XML
[2019-12-23 23:55:07Z] - INFO - Выполнение операции "Удаление файла" над целевым объектом "D:\SKAD\311Kvit\tmp\SFF017102803_720320191219_288000021900091411_700.XML".

[2019-12-23 23:55:07Z] - INFO - Выполнение операции "Переименование файла" над целевым объектом "Элемент: D:\SKAD\311Kvit\tmp\SFF017102803_720320191219_288000021900091411_700.XML.test Назначение: D:\SKAD\311Kvit\tmp\S
FF017102803_720320191219_288000021900091411_700.XML".

[2019-12-23 23:55:07Z] - INFO - Форматируем xml-файл SFF017102803_720320191219_288000021900091411_700.XML
[2019-12-23 23:55:08Z] - INFO - Снимаем подпись с файла SFF017102803_720320191219_288000021900091412_700.XML
[2019-12-23 23:55:08Z] - INFO - Выполнение операции "Удаление файла" над целевым объектом "D:\SKAD\311Kvit\tmp\SFF017102803_720320191219_288000021900091412_700.XML".

[2019-12-23 23:55:08Z] - INFO - Выполнение операции "Переименование файла" над целевым объектом "Элемент: D:\SKAD\311Kvit\tmp\SFF017102803_720320191219_288000021900091412_700.XML.test Назначение: D:\SKAD\311Kvit\tmp\S
FF017102803_720320191219_288000021900091412_700.XML".

[2019-12-23 23:55:08Z] - INFO - Форматируем xml-файл SFF017102803_720320191219_288000021900091412_700.XML
[2019-12-23 23:55:09Z] - INFO - Снимаем подпись с файла SFF017102803_720320191219_288000021901062833_700.xml
[2019-12-23 23:55:09Z] - INFO - Выполнение операции "Удаление файла" над целевым объектом "D:\SKAD\311Kvit\tmp\SFF017102803_720320191219_288000021901062833_700.xml".

[2019-12-23 23:55:09Z] - INFO - Выполнение операции "Переименование файла" над целевым объектом "Элемент: D:\SKAD\311Kvit\tmp\SFF017102803_720320191219_288000021901062833_700.xml.test Назначение: D:\SKAD\311Kvit\tmp\S
FF017102803_720320191219_288000021901062833_700.xml".

[2019-12-23 23:55:09Z] - INFO - Форматируем xml-файл SFF017102803_720320191219_288000021901062833_700.xml
[2019-12-23 23:55:10Z] - INFO - Снимаем подпись с файла SFF017102803_720320191219_288000021901062834_700.xml
[2019-12-23 23:55:10Z] - INFO - Выполнение операции "Удаление файла" над целевым объектом "D:\SKAD\311Kvit\tmp\SFF017102803_720320191219_288000021901062834_700.xml".

[2019-12-23 23:55:10Z] - INFO - Выполнение операции "Переименование файла" над целевым объектом "Элемент: D:\SKAD\311Kvit\tmp\SFF017102803_720320191219_288000021901062834_700.xml.test Назначение: D:\SKAD\311Kvit\tmp\S
FF017102803_720320191219_288000021901062834_700.xml".

[2019-12-23 23:55:10Z] - INFO - Форматируем xml-файл SFF017102803_720320191219_288000021901062834_700.xml
[2019-12-23 23:55:11Z] - INFO - Снимаем подпись с файла SFF017102803_720320191219_288000021901062835_700.xml
[2019-12-23 23:55:11Z] - INFO - Выполнение операции "Удаление файла" над целевым объектом "D:\SKAD\311Kvit\tmp\SFF017102803_720320191219_288000021901062835_700.xml".

[2019-12-23 23:55:11Z] - INFO - Выполнение операции "Переименование файла" над целевым объектом "Элемент: D:\SKAD\311Kvit\tmp\SFF017102803_720320191219_288000021901062835_700.xml.test Назначение: D:\SKAD\311Kvit\tmp\S
FF017102803_720320191219_288000021901062835_700.xml".

[2019-12-23 23:55:11Z] - INFO - Форматируем xml-файл SFF017102803_720320191219_288000021901062835_700.xml
[2019-12-23 23:55:13Z] - INFO - Снимаем подпись с файла SFF017102803_720320191219_288000021901062845_700.xml
[2019-12-23 23:55:13Z] - INFO - Выполнение операции "Удаление файла" над целевым объектом "D:\SKAD\311Kvit\tmp\SFF017102803_720320191219_288000021901062845_700.xml".

[2019-12-23 23:55:13Z] - INFO - Выполнение операции "Переименование файла" над целевым объектом "Элемент: D:\SKAD\311Kvit\tmp\SFF017102803_720320191219_288000021901062845_700.xml.test Назначение: D:\SKAD\311Kvit\tmp\S
FF017102803_720320191219_288000021901062845_700.xml".

[2019-12-23 23:55:13Z] - INFO - Форматируем xml-файл SFF017102803_720320191219_288000021901062845_700.xml
[2019-12-23 23:55:14Z] - INFO - Снимаем подпись с файла SFF017102803_720320191219_288000021901062850_700.xml
[2019-12-23 23:55:14Z] - INFO - Выполнение операции "Удаление файла" над целевым объектом "D:\SKAD\311Kvit\tmp\SFF017102803_720320191219_288000021901062850_700.xml".

[2019-12-23 23:55:14Z] - INFO - Выполнение операции "Переименование файла" над целевым объектом "Элемент: D:\SKAD\311Kvit\tmp\SFF017102803_720320191219_288000021901062850_700.xml.test Назначение: D:\SKAD\311Kvit\tmp\S
FF017102803_720320191219_288000021901062850_700.xml".

[2019-12-23 23:55:14Z] - INFO - Форматируем xml-файл SFF017102803_720320191219_288000021901062850_700.xml
[2019-12-23 23:55:15Z] - INFO - Снимаем подпись с файла SFF017102803_720320191219_288000021901062855_700.xml
[2019-12-23 23:55:15Z] - INFO - Выполнение операции "Удаление файла" над целевым объектом "D:\SKAD\311Kvit\tmp\SFF017102803_720320191219_288000021901062855_700.xml".

[2019-12-23 23:55:15Z] - INFO - Выполнение операции "Переименование файла" над целевым объектом "Элемент: D:\SKAD\311Kvit\tmp\SFF017102803_720320191219_288000021901062855_700.xml.test Назначение: D:\SKAD\311Kvit\tmp\S
FF017102803_720320191219_288000021901062855_700.xml".

[2019-12-23 23:55:15Z] - INFO - Форматируем xml-файл SFF017102803_720320191219_288000021901062855_700.xml
[2019-12-23 23:55:16Z] - INFO - Снимаем подпись с файла SFF017102803_720320191219_288000021901062856_700.xml
[2019-12-23 23:55:16Z] - INFO - Выполнение операции "Удаление файла" над целевым объектом "D:\SKAD\311Kvit\tmp\SFF017102803_720320191219_288000021901062856_700.xml".

[2019-12-23 23:55:16Z] - INFO - Выполнение операции "Переименование файла" над целевым объектом "Элемент: D:\SKAD\311Kvit\tmp\SFF017102803_720320191219_288000021901062856_700.xml.test Назначение: D:\SKAD\311Kvit\tmp\S
FF017102803_720320191219_288000021901062856_700.xml".

[2019-12-23 23:55:16Z] - INFO - Форматируем xml-файл SFF017102803_720320191219_288000021901062856_700.xml
[2019-12-23 23:55:16Z] - INFO - Выполнение операции "Копирование файла" над целевым объектом "Элемент: D:\SKAD\311Kvit\tmp\SFF017102803_720320191219_288000021900091411_700.XML Назначение: D:\SKAD\311Kvit\temp\311p\Arh
ive\23122019\KVIT\SFF017102803_720320191219_288000021900091411_700.XML".
Выполнение операции "Копирование файла" над целевым объектом "Элемент: D:\SKAD\311Kvit\tmp\SFF017102803_720320191219_288000021900091412_700.XML Назначение: D:\SKAD\311Kvit\temp\311p\Arh
ive\23122019\KVIT\SFF017102803_720320191219_288000021900091412_700.XML".
Выполнение операции "Копирование файла" над целевым объектом "Элемент: D:\SKAD\311Kvit\tmp\SFF017102803_720320191219_288000021901062833_700.xml Назначение: D:\SKAD\311Kvit\temp\311p\Arh
ive\23122019\KVIT\SFF017102803_720320191219_288000021901062833_700.xml".
Выполнение операции "Копирование файла" над целевым объектом "Элемент: D:\SKAD\311Kvit\tmp\SFF017102803_720320191219_288000021901062834_700.xml Назначение: D:\SKAD\311Kvit\temp\311p\Arh
ive\23122019\KVIT\SFF017102803_720320191219_288000021901062834_700.xml".
Выполнение операции "Копирование файла" над целевым объектом "Элемент: D:\SKAD\311Kvit\tmp\SFF017102803_720320191219_288000021901062835_700.xml Назначение: D:\SKAD\311Kvit\temp\311p\Arh
ive\23122019\KVIT\SFF017102803_720320191219_288000021901062835_700.xml".
Выполнение операции "Копирование файла" над целевым объектом "Элемент: D:\SKAD\311Kvit\tmp\SFF017102803_720320191219_288000021901062845_700.xml Назначение: D:\SKAD\311Kvit\temp\311p\Arh
ive\23122019\KVIT\SFF017102803_720320191219_288000021901062845_700.xml".
Выполнение операции "Копирование файла" над целевым объектом "Элемент: D:\SKAD\311Kvit\tmp\SFF017102803_720320191219_288000021901062850_700.xml Назначение: D:\SKAD\311Kvit\temp\311p\Arh
ive\23122019\KVIT\SFF017102803_720320191219_288000021901062850_700.xml".
Выполнение операции "Копирование файла" над целевым объектом "Элемент: D:\SKAD\311Kvit\tmp\SFF017102803_720320191219_288000021901062855_700.xml Назначение: D:\SKAD\311Kvit\temp\311p\Arh
ive\23122019\KVIT\SFF017102803_720320191219_288000021901062855_700.xml".
Выполнение операции "Копирование файла" над целевым объектом "Элемент: D:\SKAD\311Kvit\tmp\SFF017102803_720320191219_288000021901062856_700.xml Назначение: D:\SKAD\311Kvit\temp\311p\Arh
ive\23122019\KVIT\SFF017102803_720320191219_288000021901062856_700.xml".

[2019-12-23 23:55:16Z] - INFO - Выполнение операции "Перемещение файла" над целевым объектом "Элемент: D:\SKAD\311Kvit\tmp\SFF017102803_720320191219_288000021900091411_700.XML Назначение: D:\SKAD\311Kvit\temp\311pMsk\
23122019\SFF017102803_720320191219_288000021900091411_700.XML".
Выполнение операции "Перемещение файла" над целевым объектом "Элемент: D:\SKAD\311Kvit\tmp\SFF017102803_720320191219_288000021900091412_700.XML Назначение: D:\SKAD\311Kvit\temp\311pMsk\
23122019\SFF017102803_720320191219_288000021900091412_700.XML".
Выполнение операции "Перемещение файла" над целевым объектом "Элемент: D:\SKAD\311Kvit\tmp\SFF017102803_720320191219_288000021901062833_700.xml Назначение: D:\SKAD\311Kvit\temp\311pMsk\
23122019\SFF017102803_720320191219_288000021901062833_700.xml".
Выполнение операции "Перемещение файла" над целевым объектом "Элемент: D:\SKAD\311Kvit\tmp\SFF017102803_720320191219_288000021901062834_700.xml Назначение: D:\SKAD\311Kvit\temp\311pMsk\
23122019\SFF017102803_720320191219_288000021901062834_700.xml".
Выполнение операции "Перемещение файла" над целевым объектом "Элемент: D:\SKAD\311Kvit\tmp\SFF017102803_720320191219_288000021901062835_700.xml Назначение: D:\SKAD\311Kvit\temp\311pMsk\
23122019\SFF017102803_720320191219_288000021901062835_700.xml".
Выполнение операции "Перемещение файла" над целевым объектом "Элемент: D:\SKAD\311Kvit\tmp\SFF017102803_720320191219_288000021901062845_700.xml Назначение: D:\SKAD\311Kvit\temp\311pMsk\
23122019\SFF017102803_720320191219_288000021901062845_700.xml".
Выполнение операции "Перемещение файла" над целевым объектом "Элемент: D:\SKAD\311Kvit\tmp\SFF017102803_720320191219_288000021901062850_700.xml Назначение: D:\SKAD\311Kvit\temp\311pMsk\
23122019\SFF017102803_720320191219_288000021901062850_700.xml".
Выполнение операции "Перемещение файла" над целевым объектом "Элемент: D:\SKAD\311Kvit\tmp\SFF017102803_720320191219_288000021901062855_700.xml Назначение: D:\SKAD\311Kvit\temp\311pMsk\
23122019\SFF017102803_720320191219_288000021901062855_700.xml".
Выполнение операции "Перемещение файла" над целевым объектом "Элемент: D:\SKAD\311Kvit\tmp\SFF017102803_720320191219_288000021901062856_700.xml Назначение: D:\SKAD\311Kvit\temp\311pMsk\
23122019\SFF017102803_720320191219_288000021901062856_700.xml".

[2019-12-23 23:55:16Z] - INFO - Выполнение операции "Перемещение файла" над целевым объектом "Элемент: D:\SKAD\311Kvit\temp\OUT\NN028031912200002.arj Назначение: D:\SKAD\311Kvit\temp\311p\Arhive\23122019\NN02803191220
0002.arj".

[2019-12-23 23:55:16Z] - INFO - Разархивация файла NN028031912200003.arj
[2019-12-23 23:55:18Z] - INFO - Снимаем подпись с файла SFF217102803_720320191219_288000021900091414_700.XML
[2019-12-23 23:55:19Z] - INFO - Выполнение операции "Удаление файла" над целевым объектом "D:\SKAD\311Kvit\tmp\SFF217102803_720320191219_288000021900091414_700.XML".

[2019-12-23 23:55:19Z] - INFO - Выполнение операции "Переименование файла" над целевым объектом "Элемент: D:\SKAD\311Kvit\tmp\SFF217102803_720320191219_288000021900091414_700.XML.test Назначение: D:\SKAD\311Kvit\tmp\S
FF217102803_720320191219_288000021900091414_700.XML".

[2019-12-23 23:55:19Z] - INFO - Форматируем xml-файл SFF217102803_720320191219_288000021900091414_700.XML
[2019-12-23 23:55:19Z] - INFO - Выполнение операции "Копирование файла" над целевым объектом "Элемент: D:\SKAD\311Kvit\tmp\SFF217102803_720320191219_288000021900091414_700.XML Назначение: D:\SKAD\311Kvit\temp\311p\Arh
ive\23122019\KVIT\SFF217102803_720320191219_288000021900091414_700.XML".

[2019-12-23 23:55:19Z] - INFO - Выполнение операции "Перемещение файла" над целевым объектом "Элемент: D:\SKAD\311Kvit\tmp\SFF217102803_720320191219_288000021900091414_700.XML Назначение: D:\SKAD\311Kvit\temp\311pMsk\
23122019\SFF217102803_720320191219_288000021900091414_700.XML".

[2019-12-23 23:55:19Z] - INFO - Выполнение операции "Перемещение файла" над целевым объектом "Элемент: D:\SKAD\311Kvit\temp\OUT\NN028031912200003.arj Назначение: D:\SKAD\311Kvit\temp\311p\Arhive\23122019\NN02803191220
0003.arj".

[2019-12-23 23:55:19Z] - INFO - Разархивация файла ON028031912160002.arj
[2019-12-23 23:55:21Z] - INFO - Снимаем подпись с файла SBF217102803_720320191216_288000021900000523_100.XML
[2019-12-23 23:55:21Z] - INFO - Выполнение операции "Удаление файла" над целевым объектом "D:\SKAD\311Kvit\tmp\SBF217102803_720320191216_288000021900000523_100.XML".

[2019-12-23 23:55:21Z] - INFO - Выполнение операции "Переименование файла" над целевым объектом "Элемент: D:\SKAD\311Kvit\tmp\SBF217102803_720320191216_288000021900000523_100.XML.test Назначение: D:\SKAD\311Kvit\tmp\S
BF217102803_720320191216_288000021900000523_100.XML".

[2019-12-23 23:55:21Z] - INFO - Форматируем xml-файл SBF217102803_720320191216_288000021900000523_100.XML
[2019-12-23 23:55:22Z] - INFO - Снимаем подпись с файла SBF217102803_720320191216_288000021900000524_100.XML
[2019-12-23 23:55:22Z] - INFO - Выполнение операции "Удаление файла" над целевым объектом "D:\SKAD\311Kvit\tmp\SBF217102803_720320191216_288000021900000524_100.XML".

[2019-12-23 23:55:22Z] - INFO - Выполнение операции "Переименование файла" над целевым объектом "Элемент: D:\SKAD\311Kvit\tmp\SBF217102803_720320191216_288000021900000524_100.XML.test Назначение: D:\SKAD\311Kvit\tmp\S
BF217102803_720320191216_288000021900000524_100.XML".

[2019-12-23 23:55:22Z] - INFO - Форматируем xml-файл SBF217102803_720320191216_288000021900000524_100.XML
[2019-12-23 23:55:23Z] - INFO - Снимаем подпись с файла SBF217102803_720320191216_288000021900000525_100.XML
[2019-12-23 23:55:23Z] - INFO - Выполнение операции "Удаление файла" над целевым объектом "D:\SKAD\311Kvit\tmp\SBF217102803_720320191216_288000021900000525_100.XML".

[2019-12-23 23:55:23Z] - INFO - Выполнение операции "Переименование файла" над целевым объектом "Элемент: D:\SKAD\311Kvit\tmp\SBF217102803_720320191216_288000021900000525_100.XML.test Назначение: D:\SKAD\311Kvit\tmp\S
BF217102803_720320191216_288000021900000525_100.XML".

[2019-12-23 23:55:23Z] - INFO - Форматируем xml-файл SBF217102803_720320191216_288000021900000525_100.XML
[2019-12-23 23:55:29Z] - INFO - Выполнение операции "Перемещение файла" над целевым объектом "Элемент: D:\SKAD\311Kvit\tmp\SBF217102803_720320191216_288000021900000523_100.XML Назначение: D:\SKAD\311Kvit\temp\311jur\A
rhive\23122019\KVITERR\SBF217102803_720320191216_288000021900000523_100.XML".
Выполнение операции "Перемещение файла" над целевым объектом "Элемент: D:\SKAD\311Kvit\tmp\SBF217102803_720320191216_288000021900000524_100.XML Назначение: D:\SKAD\311Kvit\temp\311jur\A
rhive\23122019\KVITERR\SBF217102803_720320191216_288000021900000524_100.XML".
Выполнение операции "Перемещение файла" над целевым объектом "Элемент: D:\SKAD\311Kvit\tmp\SBF217102803_720320191216_288000021900000525_100.XML Назначение: D:\SKAD\311Kvit\temp\311jur\A
rhive\23122019\KVITERR\SBF217102803_720320191216_288000021900000525_100.XML".

[2019-12-23 23:55:29Z] - INFO - Выполнение операции "Перемещение файла" над целевым объектом "Элемент: D:\SKAD\311Kvit\temp\OUT\ON028031912160002.arj Назначение: D:\SKAD\311Kvit\temp\311jur\Arhive\23122019\ON028031912
160002.arj".

[2019-12-23 23:55:29Z] - INFO - Разархивация файла S0280319121801.arj
[2019-12-23 23:55:31Z] - INFO - Снимаем подпись с файла SBR217102803_720320191211_288000021900000519_200.XML
[2019-12-23 23:55:31Z] - INFO - Выполнение операции "Удаление файла" над целевым объектом "D:\SKAD\311Kvit\tmp\SBR217102803_720320191211_288000021900000519_200.XML".

[2019-12-23 23:55:31Z] - INFO - Выполнение операции "Переименование файла" над целевым объектом "Элемент: D:\SKAD\311Kvit\tmp\SBR217102803_720320191211_288000021900000519_200.XML.test Назначение: D:\SKAD\311Kvit\tmp\S
BR217102803_720320191211_288000021900000519_200.XML".

[2019-12-23 23:55:31Z] - INFO - Форматируем xml-файл SBR217102803_720320191211_288000021900000519_200.XML
[2019-12-23 23:55:32Z] - INFO - Снимаем подпись с файла SBR217102803_720320191211_288000021900000520_100.XML
[2019-12-23 23:55:32Z] - INFO - Выполнение операции "Удаление файла" над целевым объектом "D:\SKAD\311Kvit\tmp\SBR217102803_720320191211_288000021900000520_100.XML".

[2019-12-23 23:55:32Z] - INFO - Выполнение операции "Переименование файла" над целевым объектом "Элемент: D:\SKAD\311Kvit\tmp\SBR217102803_720320191211_288000021900000520_100.XML.test Назначение: D:\SKAD\311Kvit\tmp\S
BR217102803_720320191211_288000021900000520_100.XML".

[2019-12-23 23:55:32Z] - INFO - Форматируем xml-файл SBR217102803_720320191211_288000021900000520_100.XML
[2019-12-23 23:55:33Z] - INFO - Снимаем подпись с файла SBR217102803_720320191211_288000021900000521_100.XML
[2019-12-23 23:55:34Z] - INFO - Выполнение операции "Удаление файла" над целевым объектом "D:\SKAD\311Kvit\tmp\SBR217102803_720320191211_288000021900000521_100.XML".

[2019-12-23 23:55:34Z] - INFO - Выполнение операции "Переименование файла" над целевым объектом "Элемент: D:\SKAD\311Kvit\tmp\SBR217102803_720320191211_288000021900000521_100.XML.test Назначение: D:\SKAD\311Kvit\tmp\S
BR217102803_720320191211_288000021900000521_100.XML".

[2019-12-23 23:55:34Z] - INFO - Форматируем xml-файл SBR217102803_720320191211_288000021900000521_100.XML
[2019-12-23 23:55:34Z] - INFO - Выполнение операции "Перемещение файла" над целевым объектом "Элемент: D:\SKAD\311Kvit\tmp\SBR217102803_720320191211_288000021900000519_200.XML Назначение: D:\SKAD\311Kvit\temp\311jur\A
rhive\23122019\KVIT\SBR217102803_720320191211_288000021900000519_200.XML".
Выполнение операции "Перемещение файла" над целевым объектом "Элемент: D:\SKAD\311Kvit\tmp\SBR217102803_720320191211_288000021900000520_100.XML Назначение: D:\SKAD\311Kvit\temp\311jur\A
rhive\23122019\KVIT\SBR217102803_720320191211_288000021900000520_100.XML".
Выполнение операции "Перемещение файла" над целевым объектом "Элемент: D:\SKAD\311Kvit\tmp\SBR217102803_720320191211_288000021900000521_100.XML Назначение: D:\SKAD\311Kvit\temp\311jur\A
rhive\23122019\KVIT\SBR217102803_720320191211_288000021900000521_100.XML".

[2019-12-23 23:55:34Z] - INFO - Выполнение операции "Перемещение файла" над целевым объектом "Элемент: D:\SKAD\311Kvit\temp\OUT\S0280319121801.arj Назначение: D:\SKAD\311Kvit\temp\311jur\Arhive\23122019\S0280319121801
.arj".

[2019-12-23 23:55:34Z] - INFO - Загружаем исходную ключевую дискету
[2019-12-23 23:55:34Z] - INFO - Завершение обработки...
