[2019-12-30 14:07:50Z] - INFO - Начинаем обработку...
[2019-12-30 14:07:50Z] - INFO - Сохраняем текущею ключевую дискету
[2019-12-30 14:07:50Z] - INFO - Загружаем ключевую дискету d:\SKAD\Floppy\foiv
[2019-12-30 14:09:04Z] - INFO - Разархивация файла NN028031912270001.arj
[2019-12-30 14:23:22Z] - INFO - Начинаем обработку...
[2019-12-30 14:23:22Z] - INFO - Сохраняем текущею ключевую дискету
[2019-12-30 14:23:22Z] - INFO - Загружаем ключевую дискету d:\SKAD\Floppy\foiv
[2019-12-30 14:23:25Z] - INFO - Разархивация файла NN028031912270001.arj
[2019-12-30 14:23:30Z] - INFO - Снимаем подпись с файла SFF017102803_720320191227_288000021900091700_700.XML
[2019-12-30 14:23:30Z] - INFO - Performing the operation "Remove File" on target "D:\SKAD\311Kvit\tmp\SFF017102803_720320191227_288000021900091700_700.XML".

[2019-12-30 14:23:30Z] - INFO - Performing the operation "Rename File" on target "Item: D:\SKAD\311Kvit\tmp\SFF017102803_720320191227_288000021900091700_700.XML.test Destination: D:\SKAD\311Kvit\tmp\SFF017102803_7
20320191227_288000021900091700_700.XML".

[2019-12-30 14:23:30Z] - INFO - Форматируем xml-файл SFF017102803_720320191227_288000021900091700_700.XML
[2019-12-30 14:23:31Z] - INFO - Снимаем подпись с файла SFF017102803_720320191227_288000021901063061_700.xml
[2019-12-30 14:23:31Z] - INFO - Performing the operation "Remove File" on target "D:\SKAD\311Kvit\tmp\SFF017102803_720320191227_288000021901063061_700.xml".

[2019-12-30 14:23:31Z] - INFO - Performing the operation "Rename File" on target "Item: D:\SKAD\311Kvit\tmp\SFF017102803_720320191227_288000021901063061_700.xml.test Destination: D:\SKAD\311Kvit\tmp\SFF017102803_7
20320191227_288000021901063061_700.xml".

[2019-12-30 14:23:31Z] - INFO - Форматируем xml-файл SFF017102803_720320191227_288000021901063061_700.xml
[2019-12-30 14:23:32Z] - INFO - Снимаем подпись с файла SFF017102803_720320191227_288000021901063062_700.xml
[2019-12-30 14:23:32Z] - INFO - Performing the operation "Remove File" on target "D:\SKAD\311Kvit\tmp\SFF017102803_720320191227_288000021901063062_700.xml".

[2019-12-30 14:23:32Z] - INFO - Performing the operation "Rename File" on target "Item: D:\SKAD\311Kvit\tmp\SFF017102803_720320191227_288000021901063062_700.xml.test Destination: D:\SKAD\311Kvit\tmp\SFF017102803_7
20320191227_288000021901063062_700.xml".

[2019-12-30 14:23:32Z] - INFO - Форматируем xml-файл SFF017102803_720320191227_288000021901063062_700.xml
[2019-12-30 14:23:33Z] - INFO - Снимаем подпись с файла SFF017102803_720320191227_288000021901063064_700.xml
[2019-12-30 14:23:33Z] - INFO - Performing the operation "Remove File" on target "D:\SKAD\311Kvit\tmp\SFF017102803_720320191227_288000021901063064_700.xml".

[2019-12-30 14:23:33Z] - INFO - Performing the operation "Rename File" on target "Item: D:\SKAD\311Kvit\tmp\SFF017102803_720320191227_288000021901063064_700.xml.test Destination: D:\SKAD\311Kvit\tmp\SFF017102803_7
20320191227_288000021901063064_700.xml".

[2019-12-30 14:23:33Z] - INFO - Форматируем xml-файл SFF017102803_720320191227_288000021901063064_700.xml
[2019-12-30 14:23:34Z] - INFO - Снимаем подпись с файла SFF017102803_720320191227_288000021901063065_700.xml
[2019-12-30 14:23:34Z] - INFO - Performing the operation "Remove File" on target "D:\SKAD\311Kvit\tmp\SFF017102803_720320191227_288000021901063065_700.xml".

[2019-12-30 14:23:34Z] - INFO - Performing the operation "Rename File" on target "Item: D:\SKAD\311Kvit\tmp\SFF017102803_720320191227_288000021901063065_700.xml.test Destination: D:\SKAD\311Kvit\tmp\SFF017102803_7
20320191227_288000021901063065_700.xml".

[2019-12-30 14:23:34Z] - INFO - Форматируем xml-файл SFF017102803_720320191227_288000021901063065_700.xml
[2019-12-30 14:23:35Z] - INFO - Снимаем подпись с файла SFF017102803_720320191227_288000021901063088_700.xml
[2019-12-30 14:23:35Z] - INFO - Performing the operation "Remove File" on target "D:\SKAD\311Kvit\tmp\SFF017102803_720320191227_288000021901063088_700.xml".

[2019-12-30 14:23:35Z] - INFO - Performing the operation "Rename File" on target "Item: D:\SKAD\311Kvit\tmp\SFF017102803_720320191227_288000021901063088_700.xml.test Destination: D:\SKAD\311Kvit\tmp\SFF017102803_7
20320191227_288000021901063088_700.xml".

[2019-12-30 14:23:35Z] - INFO - Форматируем xml-файл SFF017102803_720320191227_288000021901063088_700.xml
[2019-12-30 14:23:36Z] - INFO - Снимаем подпись с файла SFF017102803_720320191227_288000021901063089_700.xml
[2019-12-30 14:23:36Z] - INFO - Performing the operation "Remove File" on target "D:\SKAD\311Kvit\tmp\SFF017102803_720320191227_288000021901063089_700.xml".

[2019-12-30 14:23:36Z] - INFO - Performing the operation "Rename File" on target "Item: D:\SKAD\311Kvit\tmp\SFF017102803_720320191227_288000021901063089_700.xml.test Destination: D:\SKAD\311Kvit\tmp\SFF017102803_7
20320191227_288000021901063089_700.xml".

[2019-12-30 14:23:36Z] - INFO - Форматируем xml-файл SFF017102803_720320191227_288000021901063089_700.xml
[2019-12-30 14:23:37Z] - INFO - Снимаем подпись с файла SFF017102803_720320191227_288000021901063090_700.xml
[2019-12-30 14:23:37Z] - INFO - Performing the operation "Remove File" on target "D:\SKAD\311Kvit\tmp\SFF017102803_720320191227_288000021901063090_700.xml".

[2019-12-30 14:23:37Z] - INFO - Performing the operation "Rename File" on target "Item: D:\SKAD\311Kvit\tmp\SFF017102803_720320191227_288000021901063090_700.xml.test Destination: D:\SKAD\311Kvit\tmp\SFF017102803_7
20320191227_288000021901063090_700.xml".

[2019-12-30 14:23:37Z] - INFO - Форматируем xml-файл SFF017102803_720320191227_288000021901063090_700.xml
[2019-12-30 14:23:39Z] - INFO - Снимаем подпись с файла SFF017102803_720320191227_288000021901063091_700.xml
[2019-12-30 14:23:39Z] - INFO - Performing the operation "Remove File" on target "D:\SKAD\311Kvit\tmp\SFF017102803_720320191227_288000021901063091_700.xml".

[2019-12-30 14:23:39Z] - INFO - Performing the operation "Rename File" on target "Item: D:\SKAD\311Kvit\tmp\SFF017102803_720320191227_288000021901063091_700.xml.test Destination: D:\SKAD\311Kvit\tmp\SFF017102803_7
20320191227_288000021901063091_700.xml".

[2019-12-30 14:23:39Z] - INFO - Форматируем xml-файл SFF017102803_720320191227_288000021901063091_700.xml
[2019-12-30 14:23:40Z] - INFO - Снимаем подпись с файла SFF027102803_720320191227_288000021901060528_701.xml
[2019-12-30 14:23:40Z] - INFO - Performing the operation "Remove File" on target "D:\SKAD\311Kvit\tmp\SFF027102803_720320191227_288000021901060528_701.xml".

[2019-12-30 14:23:40Z] - INFO - Performing the operation "Rename File" on target "Item: D:\SKAD\311Kvit\tmp\SFF027102803_720320191227_288000021901060528_701.xml.test Destination: D:\SKAD\311Kvit\tmp\SFF027102803_7
20320191227_288000021901060528_701.xml".

[2019-12-30 14:23:40Z] - INFO - Форматируем xml-файл SFF027102803_720320191227_288000021901060528_701.xml
[2019-12-30 14:23:41Z] - INFO - Снимаем подпись с файла SFF027102803_720320191227_288000021901061006_701.xml
[2019-12-30 14:23:41Z] - INFO - Performing the operation "Remove File" on target "D:\SKAD\311Kvit\tmp\SFF027102803_720320191227_288000021901061006_701.xml".

[2019-12-30 14:23:41Z] - INFO - Performing the operation "Rename File" on target "Item: D:\SKAD\311Kvit\tmp\SFF027102803_720320191227_288000021901061006_701.xml.test Destination: D:\SKAD\311Kvit\tmp\SFF027102803_7
20320191227_288000021901061006_701.xml".

[2019-12-30 14:23:41Z] - INFO - Форматируем xml-файл SFF027102803_720320191227_288000021901061006_701.xml
[2019-12-30 14:23:41Z] - INFO - Performing the operation "Copy File" on target "Item: D:\SKAD\311Kvit\tmp\SFF017102803_720320191227_288000021900091700_700.XML Destination: D:\SKAD\311Kvit\temp\311p\Arhive\30122019
\KVIT\SFF017102803_720320191227_288000021900091700_700.XML".
Performing the operation "Copy File" on target "Item: D:\SKAD\311Kvit\tmp\SFF017102803_720320191227_288000021901063061_700.xml Destination: D:\SKAD\311Kvit\temp\311p\Arhive\30122019
\KVIT\SFF017102803_720320191227_288000021901063061_700.xml".
Performing the operation "Copy File" on target "Item: D:\SKAD\311Kvit\tmp\SFF017102803_720320191227_288000021901063062_700.xml Destination: D:\SKAD\311Kvit\temp\311p\Arhive\30122019
\KVIT\SFF017102803_720320191227_288000021901063062_700.xml".
Performing the operation "Copy File" on target "Item: D:\SKAD\311Kvit\tmp\SFF017102803_720320191227_288000021901063064_700.xml Destination: D:\SKAD\311Kvit\temp\311p\Arhive\30122019
\KVIT\SFF017102803_720320191227_288000021901063064_700.xml".
Performing the operation "Copy File" on target "Item: D:\SKAD\311Kvit\tmp\SFF017102803_720320191227_288000021901063065_700.xml Destination: D:\SKAD\311Kvit\temp\311p\Arhive\30122019
\KVIT\SFF017102803_720320191227_288000021901063065_700.xml".
Performing the operation "Copy File" on target "Item: D:\SKAD\311Kvit\tmp\SFF017102803_720320191227_288000021901063088_700.xml Destination: D:\SKAD\311Kvit\temp\311p\Arhive\30122019
\KVIT\SFF017102803_720320191227_288000021901063088_700.xml".
Performing the operation "Copy File" on target "Item: D:\SKAD\311Kvit\tmp\SFF017102803_720320191227_288000021901063089_700.xml Destination: D:\SKAD\311Kvit\temp\311p\Arhive\30122019
\KVIT\SFF017102803_720320191227_288000021901063089_700.xml".
Performing the operation "Copy File" on target "Item: D:\SKAD\311Kvit\tmp\SFF017102803_720320191227_288000021901063090_700.xml Destination: D:\SKAD\311Kvit\temp\311p\Arhive\30122019
\KVIT\SFF017102803_720320191227_288000021901063090_700.xml".
Performing the operation "Copy File" on target "Item: D:\SKAD\311Kvit\tmp\SFF017102803_720320191227_288000021901063091_700.xml Destination: D:\SKAD\311Kvit\temp\311p\Arhive\30122019
\KVIT\SFF017102803_720320191227_288000021901063091_700.xml".
Performing the operation "Copy File" on target "Item: D:\SKAD\311Kvit\tmp\SFF027102803_720320191227_288000021901060528_701.xml Destination: D:\SKAD\311Kvit\temp\311p\Arhive\30122019
\KVIT\SFF027102803_720320191227_288000021901060528_701.xml".
Performing the operation "Copy File" on target "Item: D:\SKAD\311Kvit\tmp\SFF027102803_720320191227_288000021901061006_701.xml Destination: D:\SKAD\311Kvit\temp\311p\Arhive\30122019
\KVIT\SFF027102803_720320191227_288000021901061006_701.xml".

[2019-12-30 14:23:41Z] - INFO - Performing the operation "Move File" on target "Item: D:\SKAD\311Kvit\tmp\SFF017102803_720320191227_288000021900091700_700.XML Destination: D:\SKAD\311Kvit\temp\311pMsk\30122019\SFF
017102803_720320191227_288000021900091700_700.XML".
Performing the operation "Move File" on target "Item: D:\SKAD\311Kvit\tmp\SFF017102803_720320191227_288000021901063061_700.xml Destination: D:\SKAD\311Kvit\temp\311pMsk\30122019\SFF
017102803_720320191227_288000021901063061_700.xml".
Performing the operation "Move File" on target "Item: D:\SKAD\311Kvit\tmp\SFF017102803_720320191227_288000021901063062_700.xml Destination: D:\SKAD\311Kvit\temp\311pMsk\30122019\SFF
017102803_720320191227_288000021901063062_700.xml".
Performing the operation "Move File" on target "Item: D:\SKAD\311Kvit\tmp\SFF017102803_720320191227_288000021901063064_700.xml Destination: D:\SKAD\311Kvit\temp\311pMsk\30122019\SFF
017102803_720320191227_288000021901063064_700.xml".
Performing the operation "Move File" on target "Item: D:\SKAD\311Kvit\tmp\SFF017102803_720320191227_288000021901063065_700.xml Destination: D:\SKAD\311Kvit\temp\311pMsk\30122019\SFF
017102803_720320191227_288000021901063065_700.xml".
Performing the operation "Move File" on target "Item: D:\SKAD\311Kvit\tmp\SFF017102803_720320191227_288000021901063088_700.xml Destination: D:\SKAD\311Kvit\temp\311pMsk\30122019\SFF
017102803_720320191227_288000021901063088_700.xml".
Performing the operation "Move File" on target "Item: D:\SKAD\311Kvit\tmp\SFF017102803_720320191227_288000021901063089_700.xml Destination: D:\SKAD\311Kvit\temp\311pMsk\30122019\SFF
017102803_720320191227_288000021901063089_700.xml".
Performing the operation "Move File" on target "Item: D:\SKAD\311Kvit\tmp\SFF017102803_720320191227_288000021901063090_700.xml Destination: D:\SKAD\311Kvit\temp\311pMsk\30122019\SFF
017102803_720320191227_288000021901063090_700.xml".
Performing the operation "Move File" on target "Item: D:\SKAD\311Kvit\tmp\SFF017102803_720320191227_288000021901063091_700.xml Destination: D:\SKAD\311Kvit\temp\311pMsk\30122019\SFF
017102803_720320191227_288000021901063091_700.xml".
Performing the operation "Move File" on target "Item: D:\SKAD\311Kvit\tmp\SFF027102803_720320191227_288000021901060528_701.xml Destination: D:\SKAD\311Kvit\temp\311pMsk\30122019\SFF
027102803_720320191227_288000021901060528_701.xml".
Performing the operation "Move File" on target "Item: D:\SKAD\311Kvit\tmp\SFF027102803_720320191227_288000021901061006_701.xml Destination: D:\SKAD\311Kvit\temp\311pMsk\30122019\SFF
027102803_720320191227_288000021901061006_701.xml".

[2019-12-30 14:23:41Z] - INFO - Performing the operation "Move File" on target "Item: D:\SKAD\311Kvit\temp\OUT\NN028031912270001.arj Destination: D:\SKAD\311Kvit\temp\311p\Arhive\30122019\NN028031912270001.arj".

[2019-12-30 14:23:45Z] - INFO - Разархивация файла NN028031912270002.arj
[2019-12-30 14:23:47Z] - INFO - Снимаем подпись с файла SFF117102803_720320191227_288000021900091701_700.XML
[2019-12-30 14:23:47Z] - INFO - Performing the operation "Remove File" on target "D:\SKAD\311Kvit\tmp\SFF117102803_720320191227_288000021900091701_700.XML".

[2019-12-30 14:23:47Z] - INFO - Performing the operation "Rename File" on target "Item: D:\SKAD\311Kvit\tmp\SFF117102803_720320191227_288000021900091701_700.XML.test Destination: D:\SKAD\311Kvit\tmp\SFF117102803_7
20320191227_288000021900091701_700.XML".

[2019-12-30 14:23:47Z] - INFO - Форматируем xml-файл SFF117102803_720320191227_288000021900091701_700.XML
[2019-12-30 14:23:48Z] - INFO - Снимаем подпись с файла SFF117102803_720320191227_288000021901063047_700.xml
[2019-12-30 14:23:48Z] - INFO - Performing the operation "Remove File" on target "D:\SKAD\311Kvit\tmp\SFF117102803_720320191227_288000021901063047_700.xml".

[2019-12-30 14:23:48Z] - INFO - Performing the operation "Rename File" on target "Item: D:\SKAD\311Kvit\tmp\SFF117102803_720320191227_288000021901063047_700.xml.test Destination: D:\SKAD\311Kvit\tmp\SFF117102803_7
20320191227_288000021901063047_700.xml".

[2019-12-30 14:23:48Z] - INFO - Форматируем xml-файл SFF117102803_720320191227_288000021901063047_700.xml
[2019-12-30 14:23:49Z] - INFO - Снимаем подпись с файла SFF117102803_720320191227_288000021901063081_700.xml
[2019-12-30 14:23:49Z] - INFO - Performing the operation "Remove File" on target "D:\SKAD\311Kvit\tmp\SFF117102803_720320191227_288000021901063081_700.xml".

[2019-12-30 14:23:49Z] - INFO - Performing the operation "Rename File" on target "Item: D:\SKAD\311Kvit\tmp\SFF117102803_720320191227_288000021901063081_700.xml.test Destination: D:\SKAD\311Kvit\tmp\SFF117102803_7
20320191227_288000021901063081_700.xml".

[2019-12-30 14:23:49Z] - INFO - Форматируем xml-файл SFF117102803_720320191227_288000021901063081_700.xml
[2019-12-30 14:23:50Z] - INFO - Снимаем подпись с файла SFF217102803_720320191227_288000021900091704_700.XML
[2019-12-30 14:23:50Z] - INFO - Performing the operation "Remove File" on target "D:\SKAD\311Kvit\tmp\SFF217102803_720320191227_288000021900091704_700.XML".

[2019-12-30 14:23:50Z] - INFO - Performing the operation "Rename File" on target "Item: D:\SKAD\311Kvit\tmp\SFF217102803_720320191227_288000021900091704_700.XML.test Destination: D:\SKAD\311Kvit\tmp\SFF217102803_7
20320191227_288000021900091704_700.XML".

[2019-12-30 14:23:50Z] - INFO - Форматируем xml-файл SFF217102803_720320191227_288000021900091704_700.XML
[2019-12-30 14:23:51Z] - INFO - Снимаем подпись с файла SFF217102803_720320191227_288000021900091706_700.XML
[2019-12-30 14:23:51Z] - INFO - Performing the operation "Remove File" on target "D:\SKAD\311Kvit\tmp\SFF217102803_720320191227_288000021900091706_700.XML".

[2019-12-30 14:23:51Z] - INFO - Performing the operation "Rename File" on target "Item: D:\SKAD\311Kvit\tmp\SFF217102803_720320191227_288000021900091706_700.XML.test Destination: D:\SKAD\311Kvit\tmp\SFF217102803_7
20320191227_288000021900091706_700.XML".

[2019-12-30 14:23:51Z] - INFO - Форматируем xml-файл SFF217102803_720320191227_288000021900091706_700.XML
[2019-12-30 14:23:52Z] - INFO - Снимаем подпись с файла SFF217102803_720320191227_288000021900091707_700.XML
[2019-12-30 14:23:53Z] - INFO - Performing the operation "Remove File" on target "D:\SKAD\311Kvit\tmp\SFF217102803_720320191227_288000021900091707_700.XML".

[2019-12-30 14:23:53Z] - INFO - Performing the operation "Rename File" on target "Item: D:\SKAD\311Kvit\tmp\SFF217102803_720320191227_288000021900091707_700.XML.test Destination: D:\SKAD\311Kvit\tmp\SFF217102803_7
20320191227_288000021900091707_700.XML".

[2019-12-30 14:23:53Z] - INFO - Форматируем xml-файл SFF217102803_720320191227_288000021900091707_700.XML
[2019-12-30 14:23:54Z] - INFO - Снимаем подпись с файла SFF217102803_720320191227_288000021900091709_700.XML
[2019-12-30 14:23:54Z] - INFO - Performing the operation "Remove File" on target "D:\SKAD\311Kvit\tmp\SFF217102803_720320191227_288000021900091709_700.XML".

[2019-12-30 14:23:54Z] - INFO - Performing the operation "Rename File" on target "Item: D:\SKAD\311Kvit\tmp\SFF217102803_720320191227_288000021900091709_700.XML.test Destination: D:\SKAD\311Kvit\tmp\SFF217102803_7
20320191227_288000021900091709_700.XML".

[2019-12-30 14:23:54Z] - INFO - Форматируем xml-файл SFF217102803_720320191227_288000021900091709_700.XML
[2019-12-30 14:23:55Z] - INFO - Снимаем подпись с файла SFF217102803_720320191227_288000021900091710_700.XML
[2019-12-30 14:23:55Z] - INFO - Performing the operation "Remove File" on target "D:\SKAD\311Kvit\tmp\SFF217102803_720320191227_288000021900091710_700.XML".

[2019-12-30 14:23:55Z] - INFO - Performing the operation "Rename File" on target "Item: D:\SKAD\311Kvit\tmp\SFF217102803_720320191227_288000021900091710_700.XML.test Destination: D:\SKAD\311Kvit\tmp\SFF217102803_7
20320191227_288000021900091710_700.XML".

[2019-12-30 14:23:55Z] - INFO - Форматируем xml-файл SFF217102803_720320191227_288000021900091710_700.XML
[2019-12-30 14:23:56Z] - INFO - Снимаем подпись с файла SFF217102803_720320191227_288000021900091713_700.XML
[2019-12-30 14:23:56Z] - INFO - Performing the operation "Remove File" on target "D:\SKAD\311Kvit\tmp\SFF217102803_720320191227_288000021900091713_700.XML".

[2019-12-30 14:23:56Z] - INFO - Performing the operation "Rename File" on target "Item: D:\SKAD\311Kvit\tmp\SFF217102803_720320191227_288000021900091713_700.XML.test Destination: D:\SKAD\311Kvit\tmp\SFF217102803_7
20320191227_288000021900091713_700.XML".

[2019-12-30 14:23:56Z] - INFO - Форматируем xml-файл SFF217102803_720320191227_288000021900091713_700.XML
[2019-12-30 14:23:57Z] - INFO - Снимаем подпись с файла SFF217102803_720320191227_288000021900091715_700.XML
[2019-12-30 14:23:57Z] - INFO - Performing the operation "Remove File" on target "D:\SKAD\311Kvit\tmp\SFF217102803_720320191227_288000021900091715_700.XML".

[2019-12-30 14:23:57Z] - INFO - Performing the operation "Rename File" on target "Item: D:\SKAD\311Kvit\tmp\SFF217102803_720320191227_288000021900091715_700.XML.test Destination: D:\SKAD\311Kvit\tmp\SFF217102803_7
20320191227_288000021900091715_700.XML".

[2019-12-30 14:23:57Z] - INFO - Форматируем xml-файл SFF217102803_720320191227_288000021900091715_700.XML
[2019-12-30 14:23:58Z] - INFO - Снимаем подпись с файла SFF217102803_720320191227_288000021900091716_700.XML
[2019-12-30 14:23:58Z] - INFO - Performing the operation "Remove File" on target "D:\SKAD\311Kvit\tmp\SFF217102803_720320191227_288000021900091716_700.XML".

[2019-12-30 14:23:58Z] - INFO - Performing the operation "Rename File" on target "Item: D:\SKAD\311Kvit\tmp\SFF217102803_720320191227_288000021900091716_700.XML.test Destination: D:\SKAD\311Kvit\tmp\SFF217102803_7
20320191227_288000021900091716_700.XML".

[2019-12-30 14:23:58Z] - INFO - Форматируем xml-файл SFF217102803_720320191227_288000021900091716_700.XML
[2019-12-30 14:23:59Z] - INFO - Снимаем подпись с файла SFF217102803_720320191227_288000021900091717_700.XML
[2019-12-30 14:23:59Z] - INFO - Performing the operation "Remove File" on target "D:\SKAD\311Kvit\tmp\SFF217102803_720320191227_288000021900091717_700.XML".

[2019-12-30 14:23:59Z] - INFO - Performing the operation "Rename File" on target "Item: D:\SKAD\311Kvit\tmp\SFF217102803_720320191227_288000021900091717_700.XML.test Destination: D:\SKAD\311Kvit\tmp\SFF217102803_7
20320191227_288000021900091717_700.XML".

[2019-12-30 14:23:59Z] - INFO - Форматируем xml-файл SFF217102803_720320191227_288000021900091717_700.XML
[2019-12-30 14:24:00Z] - INFO - Снимаем подпись с файла SFF217102803_720320191227_288000021900091718_700.XML
[2019-12-30 14:24:00Z] - INFO - Performing the operation "Remove File" on target "D:\SKAD\311Kvit\tmp\SFF217102803_720320191227_288000021900091718_700.XML".

[2019-12-30 14:24:00Z] - INFO - Performing the operation "Rename File" on target "Item: D:\SKAD\311Kvit\tmp\SFF217102803_720320191227_288000021900091718_700.XML.test Destination: D:\SKAD\311Kvit\tmp\SFF217102803_7
20320191227_288000021900091718_700.XML".

[2019-12-30 14:24:00Z] - INFO - Форматируем xml-файл SFF217102803_720320191227_288000021900091718_700.XML
[2019-12-30 14:24:01Z] - INFO - Снимаем подпись с файла SFF217102803_720320191227_288000021901063068_700.xml
[2019-12-30 14:24:01Z] - INFO - Performing the operation "Remove File" on target "D:\SKAD\311Kvit\tmp\SFF217102803_720320191227_288000021901063068_700.xml".

[2019-12-30 14:24:01Z] - INFO - Performing the operation "Rename File" on target "Item: D:\SKAD\311Kvit\tmp\SFF217102803_720320191227_288000021901063068_700.xml.test Destination: D:\SKAD\311Kvit\tmp\SFF217102803_7
20320191227_288000021901063068_700.xml".

[2019-12-30 14:24:01Z] - INFO - Форматируем xml-файл SFF217102803_720320191227_288000021901063068_700.xml
[2019-12-30 14:24:02Z] - INFO - Снимаем подпись с файла SFF217102803_720320191227_288000021901063070_700.xml
[2019-12-30 14:24:02Z] - INFO - Performing the operation "Remove File" on target "D:\SKAD\311Kvit\tmp\SFF217102803_720320191227_288000021901063070_700.xml".

[2019-12-30 14:24:02Z] - INFO - Performing the operation "Rename File" on target "Item: D:\SKAD\311Kvit\tmp\SFF217102803_720320191227_288000021901063070_700.xml.test Destination: D:\SKAD\311Kvit\tmp\SFF217102803_7
20320191227_288000021901063070_700.xml".

[2019-12-30 14:24:02Z] - INFO - Форматируем xml-файл SFF217102803_720320191227_288000021901063070_700.xml
[2019-12-30 14:24:03Z] - INFO - Снимаем подпись с файла SFF217102803_720320191227_288000021901063074_700.xml
[2019-12-30 14:24:03Z] - INFO - Performing the operation "Remove File" on target "D:\SKAD\311Kvit\tmp\SFF217102803_720320191227_288000021901063074_700.xml".

[2019-12-30 14:24:03Z] - INFO - Performing the operation "Rename File" on target "Item: D:\SKAD\311Kvit\tmp\SFF217102803_720320191227_288000021901063074_700.xml.test Destination: D:\SKAD\311Kvit\tmp\SFF217102803_7
20320191227_288000021901063074_700.xml".

[2019-12-30 14:24:03Z] - INFO - Форматируем xml-файл SFF217102803_720320191227_288000021901063074_700.xml
[2019-12-30 14:24:04Z] - INFO - Снимаем подпись с файла SFF217102803_720320191227_288000021901063077_700.xml
[2019-12-30 14:24:04Z] - INFO - Performing the operation "Remove File" on target "D:\SKAD\311Kvit\tmp\SFF217102803_720320191227_288000021901063077_700.xml".

[2019-12-30 14:24:04Z] - INFO - Performing the operation "Rename File" on target "Item: D:\SKAD\311Kvit\tmp\SFF217102803_720320191227_288000021901063077_700.xml.test Destination: D:\SKAD\311Kvit\tmp\SFF217102803_7
20320191227_288000021901063077_700.xml".

[2019-12-30 14:24:04Z] - INFO - Форматируем xml-файл SFF217102803_720320191227_288000021901063077_700.xml
[2019-12-30 14:24:04Z] - INFO - Performing the operation "Copy File" on target "Item: D:\SKAD\311Kvit\tmp\SFF117102803_720320191227_288000021900091701_700.XML Destination: D:\SKAD\311Kvit\temp\311p\Arhive\30122019
\KVIT\SFF117102803_720320191227_288000021900091701_700.XML".
Performing the operation "Copy File" on target "Item: D:\SKAD\311Kvit\tmp\SFF117102803_720320191227_288000021901063047_700.xml Destination: D:\SKAD\311Kvit\temp\311p\Arhive\30122019
\KVIT\SFF117102803_720320191227_288000021901063047_700.xml".
Performing the operation "Copy File" on target "Item: D:\SKAD\311Kvit\tmp\SFF117102803_720320191227_288000021901063081_700.xml Destination: D:\SKAD\311Kvit\temp\311p\Arhive\30122019
\KVIT\SFF117102803_720320191227_288000021901063081_700.xml".
Performing the operation "Copy File" on target "Item: D:\SKAD\311Kvit\tmp\SFF217102803_720320191227_288000021900091704_700.XML Destination: D:\SKAD\311Kvit\temp\311p\Arhive\30122019
\KVIT\SFF217102803_720320191227_288000021900091704_700.XML".
Performing the operation "Copy File" on target "Item: D:\SKAD\311Kvit\tmp\SFF217102803_720320191227_288000021900091706_700.XML Destination: D:\SKAD\311Kvit\temp\311p\Arhive\30122019
\KVIT\SFF217102803_720320191227_288000021900091706_700.XML".
Performing the operation "Copy File" on target "Item: D:\SKAD\311Kvit\tmp\SFF217102803_720320191227_288000021900091707_700.XML Destination: D:\SKAD\311Kvit\temp\311p\Arhive\30122019
\KVIT\SFF217102803_720320191227_288000021900091707_700.XML".
Performing the operation "Copy File" on target "Item: D:\SKAD\311Kvit\tmp\SFF217102803_720320191227_288000021900091709_700.XML Destination: D:\SKAD\311Kvit\temp\311p\Arhive\30122019
\KVIT\SFF217102803_720320191227_288000021900091709_700.XML".
Performing the operation "Copy File" on target "Item: D:\SKAD\311Kvit\tmp\SFF217102803_720320191227_288000021900091710_700.XML Destination: D:\SKAD\311Kvit\temp\311p\Arhive\30122019
\KVIT\SFF217102803_720320191227_288000021900091710_700.XML".
Performing the operation "Copy File" on target "Item: D:\SKAD\311Kvit\tmp\SFF217102803_720320191227_288000021900091713_700.XML Destination: D:\SKAD\311Kvit\temp\311p\Arhive\30122019
\KVIT\SFF217102803_720320191227_288000021900091713_700.XML".
Performing the operation "Copy File" on target "Item: D:\SKAD\311Kvit\tmp\SFF217102803_720320191227_288000021900091715_700.XML Destination: D:\SKAD\311Kvit\temp\311p\Arhive\30122019
\KVIT\SFF217102803_720320191227_288000021900091715_700.XML".
Performing the operation "Copy File" on target "Item: D:\SKAD\311Kvit\tmp\SFF217102803_720320191227_288000021900091716_700.XML Destination: D:\SKAD\311Kvit\temp\311p\Arhive\30122019
\KVIT\SFF217102803_720320191227_288000021900091716_700.XML".
Performing the operation "Copy File" on target "Item: D:\SKAD\311Kvit\tmp\SFF217102803_720320191227_288000021900091717_700.XML Destination: D:\SKAD\311Kvit\temp\311p\Arhive\30122019
\KVIT\SFF217102803_720320191227_288000021900091717_700.XML".
Performing the operation "Copy File" on target "Item: D:\SKAD\311Kvit\tmp\SFF217102803_720320191227_288000021900091718_700.XML Destination: D:\SKAD\311Kvit\temp\311p\Arhive\30122019
\KVIT\SFF217102803_720320191227_288000021900091718_700.XML".
Performing the operation "Copy File" on target "Item: D:\SKAD\311Kvit\tmp\SFF217102803_720320191227_288000021901063068_700.xml Destination: D:\SKAD\311Kvit\temp\311p\Arhive\30122019
\KVIT\SFF217102803_720320191227_288000021901063068_700.xml".
Performing the operation "Copy File" on target "Item: D:\SKAD\311Kvit\tmp\SFF217102803_720320191227_288000021901063070_700.xml Destination: D:\SKAD\311Kvit\temp\311p\Arhive\30122019
\KVIT\SFF217102803_720320191227_288000021901063070_700.xml".
Performing the operation "Copy File" on target "Item: D:\SKAD\311Kvit\tmp\SFF217102803_720320191227_288000021901063074_700.xml Destination: D:\SKAD\311Kvit\temp\311p\Arhive\30122019
\KVIT\SFF217102803_720320191227_288000021901063074_700.xml".
Performing the operation "Copy File" on target "Item: D:\SKAD\311Kvit\tmp\SFF217102803_720320191227_288000021901063077_700.xml Destination: D:\SKAD\311Kvit\temp\311p\Arhive\30122019
\KVIT\SFF217102803_720320191227_288000021901063077_700.xml".

[2019-12-30 14:24:04Z] - INFO - Performing the operation "Move File" on target "Item: D:\SKAD\311Kvit\tmp\SFF117102803_720320191227_288000021900091701_700.XML Destination: D:\SKAD\311Kvit\temp\311pMsk\30122019\SFF
117102803_720320191227_288000021900091701_700.XML".
Performing the operation "Move File" on target "Item: D:\SKAD\311Kvit\tmp\SFF117102803_720320191227_288000021901063047_700.xml Destination: D:\SKAD\311Kvit\temp\311pMsk\30122019\SFF
117102803_720320191227_288000021901063047_700.xml".
Performing the operation "Move File" on target "Item: D:\SKAD\311Kvit\tmp\SFF117102803_720320191227_288000021901063081_700.xml Destination: D:\SKAD\311Kvit\temp\311pMsk\30122019\SFF
117102803_720320191227_288000021901063081_700.xml".
Performing the operation "Move File" on target "Item: D:\SKAD\311Kvit\tmp\SFF217102803_720320191227_288000021900091704_700.XML Destination: D:\SKAD\311Kvit\temp\311pMsk\30122019\SFF
217102803_720320191227_288000021900091704_700.XML".
Performing the operation "Move File" on target "Item: D:\SKAD\311Kvit\tmp\SFF217102803_720320191227_288000021900091706_700.XML Destination: D:\SKAD\311Kvit\temp\311pMsk\30122019\SFF
217102803_720320191227_288000021900091706_700.XML".
Performing the operation "Move File" on target "Item: D:\SKAD\311Kvit\tmp\SFF217102803_720320191227_288000021900091707_700.XML Destination: D:\SKAD\311Kvit\temp\311pMsk\30122019\SFF
217102803_720320191227_288000021900091707_700.XML".
Performing the operation "Move File" on target "Item: D:\SKAD\311Kvit\tmp\SFF217102803_720320191227_288000021900091709_700.XML Destination: D:\SKAD\311Kvit\temp\311pMsk\30122019\SFF
217102803_720320191227_288000021900091709_700.XML".
Performing the operation "Move File" on target "Item: D:\SKAD\311Kvit\tmp\SFF217102803_720320191227_288000021900091710_700.XML Destination: D:\SKAD\311Kvit\temp\311pMsk\30122019\SFF
217102803_720320191227_288000021900091710_700.XML".
Performing the operation "Move File" on target "Item: D:\SKAD\311Kvit\tmp\SFF217102803_720320191227_288000021900091713_700.XML Destination: D:\SKAD\311Kvit\temp\311pMsk\30122019\SFF
217102803_720320191227_288000021900091713_700.XML".
Performing the operation "Move File" on target "Item: D:\SKAD\311Kvit\tmp\SFF217102803_720320191227_288000021900091715_700.XML Destination: D:\SKAD\311Kvit\temp\311pMsk\30122019\SFF
217102803_720320191227_288000021900091715_700.XML".
Performing the operation "Move File" on target "Item: D:\SKAD\311Kvit\tmp\SFF217102803_720320191227_288000021900091716_700.XML Destination: D:\SKAD\311Kvit\temp\311pMsk\30122019\SFF
217102803_720320191227_288000021900091716_700.XML".
Performing the operation "Move File" on target "Item: D:\SKAD\311Kvit\tmp\SFF217102803_720320191227_288000021900091717_700.XML Destination: D:\SKAD\311Kvit\temp\311pMsk\30122019\SFF
217102803_720320191227_288000021900091717_700.XML".
Performing the operation "Move File" on target "Item: D:\SKAD\311Kvit\tmp\SFF217102803_720320191227_288000021900091718_700.XML Destination: D:\SKAD\311Kvit\temp\311pMsk\30122019\SFF
217102803_720320191227_288000021900091718_700.XML".
Performing the operation "Move File" on target "Item: D:\SKAD\311Kvit\tmp\SFF217102803_720320191227_288000021901063068_700.xml Destination: D:\SKAD\311Kvit\temp\311pMsk\30122019\SFF
217102803_720320191227_288000021901063068_700.xml".
Performing the operation "Move File" on target "Item: D:\SKAD\311Kvit\tmp\SFF217102803_720320191227_288000021901063070_700.xml Destination: D:\SKAD\311Kvit\temp\311pMsk\30122019\SFF
217102803_720320191227_288000021901063070_700.xml".
Performing the operation "Move File" on target "Item: D:\SKAD\311Kvit\tmp\SFF217102803_720320191227_288000021901063074_700.xml Destination: D:\SKAD\311Kvit\temp\311pMsk\30122019\SFF
217102803_720320191227_288000021901063074_700.xml".
Performing the operation "Move File" on target "Item: D:\SKAD\311Kvit\tmp\SFF217102803_720320191227_288000021901063077_700.xml Destination: D:\SKAD\311Kvit\temp\311pMsk\30122019\SFF
217102803_720320191227_288000021901063077_700.xml".

[2019-12-30 14:24:04Z] - INFO - Performing the operation "Move File" on target "Item: D:\SKAD\311Kvit\temp\OUT\NN028031912270002.arj Destination: D:\SKAD\311Kvit\temp\311p\Arhive\30122019\NN028031912270002.arj".

[2019-12-30 14:24:04Z] - INFO - Разархивация файла S0280319122701.arj
[2019-12-30 14:24:07Z] - INFO - Снимаем подпись с файла SBR017102803_720320191226_288000021900000546_100.XML
[2019-12-30 14:24:07Z] - INFO - Performing the operation "Remove File" on target "D:\SKAD\311Kvit\tmp\SBR017102803_720320191226_288000021900000546_100.XML".

[2019-12-30 14:24:07Z] - INFO - Performing the operation "Rename File" on target "Item: D:\SKAD\311Kvit\tmp\SBR017102803_720320191226_288000021900000546_100.XML.test Destination: D:\SKAD\311Kvit\tmp\SBR017102803_7
20320191226_288000021900000546_100.XML".

[2019-12-30 14:24:07Z] - INFO - Форматируем xml-файл SBR017102803_720320191226_288000021900000546_100.XML
[2019-12-30 14:24:08Z] - INFO - Снимаем подпись с файла SBR217102803_720320191226_288000021900000547_100.XML
[2019-12-30 14:24:08Z] - INFO - Performing the operation "Remove File" on target "D:\SKAD\311Kvit\tmp\SBR217102803_720320191226_288000021900000547_100.XML".

[2019-12-30 14:24:08Z] - INFO - Performing the operation "Rename File" on target "Item: D:\SKAD\311Kvit\tmp\SBR217102803_720320191226_288000021900000547_100.XML.test Destination: D:\SKAD\311Kvit\tmp\SBR217102803_7
20320191226_288000021900000547_100.XML".

[2019-12-30 14:24:08Z] - INFO - Форматируем xml-файл SBR217102803_720320191226_288000021900000547_100.XML
[2019-12-30 14:24:08Z] - INFO - Performing the operation "Move File" on target "Item: D:\SKAD\311Kvit\tmp\SBR017102803_720320191226_288000021900000546_100.XML Destination: D:\SKAD\311Kvit\temp\311jur\Arhive\301220
19\KVIT\SBR017102803_720320191226_288000021900000546_100.XML".
Performing the operation "Move File" on target "Item: D:\SKAD\311Kvit\tmp\SBR217102803_720320191226_288000021900000547_100.XML Destination: D:\SKAD\311Kvit\temp\311jur\Arhive\301220
19\KVIT\SBR217102803_720320191226_288000021900000547_100.XML".

[2019-12-30 14:24:08Z] - INFO - Performing the operation "Move File" on target "Item: D:\SKAD\311Kvit\temp\OUT\S0280319122701.arj Destination: D:\SKAD\311Kvit\temp\311jur\Arhive\30122019\S0280319122701.arj".

[2019-12-30 14:24:17Z] - INFO - Пришли успешные подтверждения - 28 шт.
Потверждения находятся в каталоге D:\SKAD\311Kvit\temp\311p\Arhive\30122019\KVIT

Всего пришло подтверждений - 28 шт.

[2019-12-30 14:24:27Z] - INFO - Пришли успешные подтверждения - 2 шт.
Потверждения находятся в каталоге D:\SKAD\311Kvit\temp\311p\Arhive\30122019\KVIT

Всего пришло подтверждений - 2 шт.

[2019-12-30 14:24:27Z] - INFO - Загружаем исходную ключевую дискету
[2019-12-30 14:24:27Z] - INFO - Завершение обработки...
